mode: atomic
github.com/tensorchord/envd/pkg/app/app.go:36.20,129.56 12 21
github.com/tensorchord/envd/pkg/app/app.go:129.56,133.19 3 41
github.com/tensorchord/envd/pkg/app/app.go:133.19,135.4 1 39
github.com/tensorchord/envd/pkg/app/app.go:137.3,137.43 1 41
github.com/tensorchord/envd/pkg/app/app.go:137.43,139.4 1 0
github.com/tensorchord/envd/pkg/app/app.go:141.3,143.51 2 41
github.com/tensorchord/envd/pkg/app/app.go:143.51,145.4 1 0
github.com/tensorchord/envd/pkg/app/app.go:148.3,154.13 6 41
github.com/tensorchord/envd/pkg/app/app.go:157.2,159.3 1 21
github.com/tensorchord/envd/pkg/app/bootstrap.go:66.47,82.31 3 6
github.com/tensorchord/envd/pkg/app/bootstrap.go:82.31,85.17 3 18
github.com/tensorchord/envd/pkg/app/bootstrap.go:85.17,87.4 1 0
github.com/tensorchord/envd/pkg/app/bootstrap.go:90.2,90.12 1 6
github.com/tensorchord/envd/pkg/app/bootstrap.go:93.44,96.25 2 6
github.com/tensorchord/envd/pkg/app/bootstrap.go:97.9,100.17 2 6
github.com/tensorchord/envd/pkg/app/bootstrap.go:100.17,102.4 1 0
github.com/tensorchord/envd/pkg/app/bootstrap.go:103.3,103.17 1 6
github.com/tensorchord/envd/pkg/app/bootstrap.go:103.17,105.51 1 0
github.com/tensorchord/envd/pkg/app/bootstrap.go:105.51,107.5 1 0
github.com/tensorchord/envd/pkg/app/bootstrap.go:109.3,109.13 1 6
github.com/tensorchord/envd/pkg/app/bootstrap.go:110.9,114.17 2 0
github.com/tensorchord/envd/pkg/app/bootstrap.go:114.17,116.4 1 0
github.com/tensorchord/envd/pkg/app/bootstrap.go:118.3,119.17 2 0
github.com/tensorchord/envd/pkg/app/bootstrap.go:119.17,121.4 1 0
github.com/tensorchord/envd/pkg/app/bootstrap.go:123.3,123.16 1 0
github.com/tensorchord/envd/pkg/app/bootstrap.go:123.16,127.36 3 0
github.com/tensorchord/envd/pkg/app/bootstrap.go:127.36,131.19 3 0
github.com/tensorchord/envd/pkg/app/bootstrap.go:131.19,133.6 1 0
github.com/tensorchord/envd/pkg/app/bootstrap.go:135.4,137.42 2 0
github.com/tensorchord/envd/pkg/app/bootstrap.go:137.42,139.5 1 0
github.com/tensorchord/envd/pkg/app/bootstrap.go:141.3,143.17 3 0
github.com/tensorchord/envd/pkg/app/bootstrap.go:143.17,145.4 1 0
github.com/tensorchord/envd/pkg/app/bootstrap.go:146.3,147.17 2 0
github.com/tensorchord/envd/pkg/app/bootstrap.go:147.17,149.4 1 0
github.com/tensorchord/envd/pkg/app/bootstrap.go:151.3,152.17 2 0
github.com/tensorchord/envd/pkg/app/bootstrap.go:152.17,154.4 1 0
github.com/tensorchord/envd/pkg/app/bootstrap.go:156.3,157.17 2 0
github.com/tensorchord/envd/pkg/app/bootstrap.go:157.17,159.4 1 0
github.com/tensorchord/envd/pkg/app/bootstrap.go:160.3,160.13 1 0
github.com/tensorchord/envd/pkg/app/bootstrap.go:162.10,163.51 1 0
github.com/tensorchord/envd/pkg/app/bootstrap.go:167.50,169.19 2 6
github.com/tensorchord/envd/pkg/app/bootstrap.go:169.19,171.3 1 0
github.com/tensorchord/envd/pkg/app/bootstrap.go:174.2,175.16 2 6
github.com/tensorchord/envd/pkg/app/bootstrap.go:175.16,178.3 2 0
github.com/tensorchord/envd/pkg/app/bootstrap.go:179.2,180.16 2 6
github.com/tensorchord/envd/pkg/app/bootstrap.go:180.16,183.3 2 0
github.com/tensorchord/envd/pkg/app/bootstrap.go:185.2,186.12 2 6
github.com/tensorchord/envd/pkg/app/bootstrap.go:189.46,191.15 2 6
github.com/tensorchord/envd/pkg/app/bootstrap.go:191.15,193.3 1 0
github.com/tensorchord/envd/pkg/app/bootstrap.go:195.2,196.16 2 6
github.com/tensorchord/envd/pkg/app/bootstrap.go:196.16,198.3 1 0
github.com/tensorchord/envd/pkg/app/bootstrap.go:200.2,203.16 3 6
github.com/tensorchord/envd/pkg/app/bootstrap.go:203.16,205.3 1 0
github.com/tensorchord/envd/pkg/app/bootstrap.go:206.2,209.12 3 6
github.com/tensorchord/envd/pkg/app/build.go:103.43,105.16 2 12
github.com/tensorchord/envd/pkg/app/build.go:105.16,107.3 1 0
github.com/tensorchord/envd/pkg/app/build.go:108.2,108.30 1 12
github.com/tensorchord/envd/pkg/app/build.go:108.30,111.3 1 12
github.com/tensorchord/envd/pkg/app/build.go:113.2,124.16 4 12
github.com/tensorchord/envd/pkg/app/build.go:124.16,126.3 1 0
github.com/tensorchord/envd/pkg/app/build.go:127.2,127.49 1 12
github.com/tensorchord/envd/pkg/app/build.go:127.49,129.3 1 0
github.com/tensorchord/envd/pkg/app/build.go:130.2,130.40 1 12
github.com/tensorchord/envd/pkg/app/build.go:133.81,135.16 2 9
github.com/tensorchord/envd/pkg/app/build.go:135.16,137.3 1 0
github.com/tensorchord/envd/pkg/app/build.go:138.2,142.16 3 9
github.com/tensorchord/envd/pkg/app/build.go:142.16,144.3 1 0
github.com/tensorchord/envd/pkg/app/build.go:146.2,148.16 3 9
github.com/tensorchord/envd/pkg/app/build.go:148.16,150.3 1 0
github.com/tensorchord/envd/pkg/app/build.go:151.2,152.23 2 9
github.com/tensorchord/envd/pkg/app/build.go:152.23,155.3 2 0
github.com/tensorchord/envd/pkg/app/build.go:156.2,156.12 1 9
github.com/tensorchord/envd/pkg/app/build.go:159.88,161.16 2 21
github.com/tensorchord/envd/pkg/app/build.go:161.16,163.3 1 0
github.com/tensorchord/envd/pkg/app/build.go:164.2,164.21 1 21
github.com/tensorchord/envd/pkg/app/build.go:167.54,168.44 1 21
github.com/tensorchord/envd/pkg/app/build.go:168.44,170.3 1 0
github.com/tensorchord/envd/pkg/app/build.go:171.2,171.12 1 21
github.com/tensorchord/envd/pkg/app/build.go:174.73,176.65 2 21
github.com/tensorchord/envd/pkg/app/build.go:176.65,178.3 1 0
github.com/tensorchord/envd/pkg/app/build.go:179.2,179.12 1 21
github.com/tensorchord/envd/pkg/app/build.go:182.70,184.16 2 21
github.com/tensorchord/envd/pkg/app/build.go:184.16,186.3 1 0
github.com/tensorchord/envd/pkg/app/build.go:187.2,188.16 2 21
github.com/tensorchord/envd/pkg/app/build.go:188.16,190.3 1 0
github.com/tensorchord/envd/pkg/app/build.go:192.2,193.16 2 21
github.com/tensorchord/envd/pkg/app/build.go:193.16,195.3 1 0
github.com/tensorchord/envd/pkg/app/build.go:196.2,196.20 1 21
github.com/tensorchord/envd/pkg/app/build.go:196.20,198.3 1 0
github.com/tensorchord/envd/pkg/app/build.go:200.2,203.15 3 21
github.com/tensorchord/envd/pkg/app/build.go:203.15,206.3 2 4
github.com/tensorchord/envd/pkg/app/build.go:208.2,209.16 2 21
github.com/tensorchord/envd/pkg/app/build.go:209.16,211.3 1 0
github.com/tensorchord/envd/pkg/app/build.go:212.2,232.11 7 21
github.com/tensorchord/envd/pkg/app/build.go:232.11,234.3 1 21
github.com/tensorchord/envd/pkg/app/build.go:235.2,235.17 1 21
github.com/tensorchord/envd/pkg/app/context_create.go:63.51,77.25 8 0
github.com/tensorchord/envd/pkg/app/context_create.go:77.25,79.3 1 0
github.com/tensorchord/envd/pkg/app/context_create.go:81.2,82.16 2 0
github.com/tensorchord/envd/pkg/app/context_create.go:82.16,84.3 1 0
github.com/tensorchord/envd/pkg/app/context_create.go:85.2,86.9 2 0
github.com/tensorchord/envd/pkg/app/context_create.go:86.9,88.3 1 0
github.com/tensorchord/envd/pkg/app/context_create.go:89.2,89.12 1 0
github.com/tensorchord/envd/pkg/app/context_ls.go:36.49,38.16 2 0
github.com/tensorchord/envd/pkg/app/context_ls.go:38.16,40.3 1 0
github.com/tensorchord/envd/pkg/app/context_ls.go:41.2,42.12 2 0
github.com/tensorchord/envd/pkg/app/context_ls.go:45.61,61.38 14 0
github.com/tensorchord/envd/pkg/app/context_ls.go:61.38,63.33 2 0
github.com/tensorchord/envd/pkg/app/context_ls.go:63.33,65.4 1 0
github.com/tensorchord/envd/pkg/app/context_ls.go:65.9,67.4 1 0
github.com/tensorchord/envd/pkg/app/context_ls.go:68.3,71.29 4 0
github.com/tensorchord/envd/pkg/app/context_ls.go:71.29,73.4 1 0
github.com/tensorchord/envd/pkg/app/context_ls.go:74.3,74.23 1 0
github.com/tensorchord/envd/pkg/app/context_ls.go:76.2,76.16 1 0
github.com/tensorchord/envd/pkg/app/context_rm.go:39.51,43.16 3 0
github.com/tensorchord/envd/pkg/app/context_rm.go:43.16,45.3 1 0
github.com/tensorchord/envd/pkg/app/context_rm.go:46.2,47.12 2 0
github.com/tensorchord/envd/pkg/app/context_use.go:39.48,43.16 3 0
github.com/tensorchord/envd/pkg/app/context_use.go:43.16,45.3 1 0
github.com/tensorchord/envd/pkg/app/context_use.go:46.2,47.12 2 0
github.com/tensorchord/envd/pkg/app/create.go:80.44,82.16 2 0
github.com/tensorchord/envd/pkg/app/create.go:82.16,84.3 1 0
github.com/tensorchord/envd/pkg/app/create.go:86.2,89.16 2 0
github.com/tensorchord/envd/pkg/app/create.go:89.16,91.3 1 0
github.com/tensorchord/envd/pkg/app/create.go:93.2,94.16 2 0
github.com/tensorchord/envd/pkg/app/create.go:94.16,96.3 1 0
github.com/tensorchord/envd/pkg/app/create.go:97.2,103.44 2 0
github.com/tensorchord/envd/pkg/app/create.go:103.44,105.3 1 0
github.com/tensorchord/envd/pkg/app/create.go:106.2,107.16 2 0
github.com/tensorchord/envd/pkg/app/create.go:107.16,109.3 1 0
github.com/tensorchord/envd/pkg/app/create.go:111.2,115.16 4 0
github.com/tensorchord/envd/pkg/app/create.go:115.16,117.3 1 0
github.com/tensorchord/envd/pkg/app/create.go:119.2,120.16 2 0
github.com/tensorchord/envd/pkg/app/create.go:120.16,122.3 1 0
github.com/tensorchord/envd/pkg/app/create.go:123.2,124.16 2 0
github.com/tensorchord/envd/pkg/app/create.go:124.16,126.3 1 0
github.com/tensorchord/envd/pkg/app/create.go:127.2,136.46 2 0
github.com/tensorchord/envd/pkg/app/create.go:136.46,139.3 2 0
github.com/tensorchord/envd/pkg/app/create.go:142.2,142.32 1 0
github.com/tensorchord/envd/pkg/app/create.go:142.32,152.17 9 0
github.com/tensorchord/envd/pkg/app/create.go:152.17,154.4 1 0
github.com/tensorchord/envd/pkg/app/create.go:156.3,158.27 2 0
github.com/tensorchord/envd/pkg/app/create.go:158.27,159.22 1 0
github.com/tensorchord/envd/pkg/app/create.go:159.22,160.13 1 0
github.com/tensorchord/envd/pkg/app/create.go:164.4,165.18 2 0
github.com/tensorchord/envd/pkg/app/create.go:165.18,167.5 1 0
github.com/tensorchord/envd/pkg/app/create.go:168.4,171.14 4 0
github.com/tensorchord/envd/pkg/app/create.go:171.14,172.79 1 0
github.com/tensorchord/envd/pkg/app/create.go:172.79,174.6 1 0
github.com/tensorchord/envd/pkg/app/create.go:178.3,178.13 1 0
github.com/tensorchord/envd/pkg/app/create.go:178.13,179.45 1 0
github.com/tensorchord/envd/pkg/app/create.go:179.45,181.5 1 0
github.com/tensorchord/envd/pkg/app/create.go:182.4,182.24 1 0
github.com/tensorchord/envd/pkg/app/create.go:185.3,185.41 1 0
github.com/tensorchord/envd/pkg/app/create.go:185.41,187.4 1 0
github.com/tensorchord/envd/pkg/app/create.go:189.2,189.12 1 0
github.com/tensorchord/envd/pkg/app/debug_llb.go:71.46,74.16 3 0
github.com/tensorchord/envd/pkg/app/debug_llb.go:74.16,76.3 1 0
github.com/tensorchord/envd/pkg/app/debug_llb.go:78.2,89.16 4 0
github.com/tensorchord/envd/pkg/app/debug_llb.go:89.16,91.3 1 0
github.com/tensorchord/envd/pkg/app/debug_llb.go:92.2,92.49 1 0
github.com/tensorchord/envd/pkg/app/debug_llb.go:92.49,94.3 1 0
github.com/tensorchord/envd/pkg/app/debug_llb.go:96.2,97.16 2 0
github.com/tensorchord/envd/pkg/app/debug_llb.go:97.16,99.3 1 0
github.com/tensorchord/envd/pkg/app/debug_llb.go:101.2,102.16 2 0
github.com/tensorchord/envd/pkg/app/debug_llb.go:102.16,104.3 1 0
github.com/tensorchord/envd/pkg/app/debug_llb.go:106.2,106.28 1 0
github.com/tensorchord/envd/pkg/app/debug_llb.go:106.28,108.3 1 0
github.com/tensorchord/envd/pkg/app/debug_llb.go:108.8,110.26 2 0
github.com/tensorchord/envd/pkg/app/debug_llb.go:110.26,111.41 1 0
github.com/tensorchord/envd/pkg/app/debug_llb.go:111.41,113.5 1 0
github.com/tensorchord/envd/pkg/app/debug_llb.go:116.2,116.12 1 0
github.com/tensorchord/envd/pkg/app/debug_llb.go:126.52,128.29 2 0
github.com/tensorchord/envd/pkg/app/debug_llb.go:128.29,130.45 2 0
github.com/tensorchord/envd/pkg/app/debug_llb.go:130.45,132.4 1 0
github.com/tensorchord/envd/pkg/app/debug_llb.go:133.3,135.25 3 0
github.com/tensorchord/envd/pkg/app/debug_llb.go:137.2,137.17 1 0
github.com/tensorchord/envd/pkg/app/debug_llb.go:140.41,144.25 3 0
github.com/tensorchord/envd/pkg/app/debug_llb.go:144.25,147.3 2 0
github.com/tensorchord/envd/pkg/app/debug_llb.go:148.2,148.25 1 0
github.com/tensorchord/envd/pkg/app/debug_llb.go:148.25,149.36 1 0
github.com/tensorchord/envd/pkg/app/debug_llb.go:149.36,151.44 2 0
github.com/tensorchord/envd/pkg/app/debug_llb.go:151.44,152.38 1 0
github.com/tensorchord/envd/pkg/app/debug_llb.go:152.38,153.44 1 0
github.com/tensorchord/envd/pkg/app/debug_llb.go:153.44,155.7 1 0
github.com/tensorchord/envd/pkg/app/debug_llb.go:158.4,158.76 1 0
github.com/tensorchord/envd/pkg/app/debug_llb.go:163.58,164.28 1 0
github.com/tensorchord/envd/pkg/app/debug_llb.go:165.21,166.41 1 0
github.com/tensorchord/envd/pkg/app/debug_llb.go:167.19,168.35 1 0
github.com/tensorchord/envd/pkg/app/debug_llb.go:169.20,170.26 1 0
github.com/tensorchord/envd/pkg/app/debug_llb.go:171.20,172.32 1 0
github.com/tensorchord/envd/pkg/app/debug_llb.go:173.19,174.32 1 0
github.com/tensorchord/envd/pkg/app/debug_llb.go:175.19,178.42 2 0
github.com/tensorchord/envd/pkg/app/debug_llb.go:178.42,181.39 2 0
github.com/tensorchord/envd/pkg/app/debug_llb.go:182.29,183.77 1 0
github.com/tensorchord/envd/pkg/app/debug_llb.go:184.31,185.59 1 0
github.com/tensorchord/envd/pkg/app/debug_llb.go:186.30,187.57 1 0
github.com/tensorchord/envd/pkg/app/debug_llb.go:188.27,189.51 1 0
github.com/tensorchord/envd/pkg/app/debug_llb.go:192.4,192.31 1 0
github.com/tensorchord/envd/pkg/app/debug_llb.go:194.3,194.42 1 0
github.com/tensorchord/envd/pkg/app/debug_llb.go:195.10,196.36 1 0
github.com/tensorchord/envd/pkg/app/debug_llb.go:200.55,202.30 2 0
github.com/tensorchord/envd/pkg/app/debug_llb.go:202.30,205.24 2 0
github.com/tensorchord/envd/pkg/app/debug_llb.go:205.24,208.4 1 0
github.com/tensorchord/envd/pkg/app/debug_llb.go:209.3,209.32 1 0
github.com/tensorchord/envd/pkg/app/debug_llb.go:212.2,220.20 2 0
github.com/tensorchord/envd/pkg/app/destroy.go:52.45,55.30 3 8
github.com/tensorchord/envd/pkg/app/destroy.go:55.30,57.3 1 0
github.com/tensorchord/envd/pkg/app/destroy.go:58.2,58.30 1 8
github.com/tensorchord/envd/pkg/app/destroy.go:58.30,60.3 1 0
github.com/tensorchord/envd/pkg/app/destroy.go:61.2,62.16 2 8
github.com/tensorchord/envd/pkg/app/destroy.go:62.16,64.3 1 0
github.com/tensorchord/envd/pkg/app/destroy.go:64.8,66.17 2 8
github.com/tensorchord/envd/pkg/app/destroy.go:66.17,68.4 1 0
github.com/tensorchord/envd/pkg/app/destroy.go:69.3,69.40 1 8
github.com/tensorchord/envd/pkg/app/destroy.go:71.2,72.16 2 8
github.com/tensorchord/envd/pkg/app/destroy.go:72.16,74.3 1 0
github.com/tensorchord/envd/pkg/app/destroy.go:75.2,79.16 4 8
github.com/tensorchord/envd/pkg/app/destroy.go:79.16,81.3 1 0
github.com/tensorchord/envd/pkg/app/destroy.go:83.2,83.81 1 8
github.com/tensorchord/envd/pkg/app/destroy.go:83.81,85.3 1 0
github.com/tensorchord/envd/pkg/app/destroy.go:85.8,85.26 1 8
github.com/tensorchord/envd/pkg/app/destroy.go:85.26,87.3 1 8
github.com/tensorchord/envd/pkg/app/destroy.go:89.2,89.54 1 8
github.com/tensorchord/envd/pkg/app/destroy.go:89.54,92.3 2 0
github.com/tensorchord/envd/pkg/app/destroy.go:93.2,93.12 1 8
github.com/tensorchord/envd/pkg/app/env_describe.go:31.36,33.16 2 16
github.com/tensorchord/envd/pkg/app/env_describe.go:33.16,34.13 1 0
github.com/tensorchord/envd/pkg/app/env_describe.go:36.2,36.27 1 16
github.com/tensorchord/envd/pkg/app/env_describe.go:54.64,57.16 3 1
github.com/tensorchord/envd/pkg/app/env_describe.go:57.16,59.3 1 0
github.com/tensorchord/envd/pkg/app/env_describe.go:60.2,64.16 3 1
github.com/tensorchord/envd/pkg/app/env_describe.go:64.16,66.3 1 0
github.com/tensorchord/envd/pkg/app/env_describe.go:68.2,69.16 2 1
github.com/tensorchord/envd/pkg/app/env_describe.go:69.16,71.3 1 0
github.com/tensorchord/envd/pkg/app/env_describe.go:73.2,74.16 2 1
github.com/tensorchord/envd/pkg/app/env_describe.go:74.16,76.3 1 0
github.com/tensorchord/envd/pkg/app/env_describe.go:78.2,80.12 3 1
github.com/tensorchord/envd/pkg/app/env_describe.go:83.68,100.2 14 2
github.com/tensorchord/envd/pkg/app/env_describe.go:102.65,103.18 1 1
github.com/tensorchord/envd/pkg/app/env_describe.go:103.18,105.3 1 0
github.com/tensorchord/envd/pkg/app/env_describe.go:106.2,107.29 2 1
github.com/tensorchord/envd/pkg/app/env_describe.go:107.29,115.3 7 1
github.com/tensorchord/envd/pkg/app/env_describe.go:116.2,116.16 1 1
github.com/tensorchord/envd/pkg/app/env_describe.go:119.61,120.16 1 1
github.com/tensorchord/envd/pkg/app/env_describe.go:120.16,122.3 1 0
github.com/tensorchord/envd/pkg/app/env_describe.go:123.2,124.37 2 1
github.com/tensorchord/envd/pkg/app/env_describe.go:124.37,129.3 4 1
github.com/tensorchord/envd/pkg/app/env_describe.go:130.2,130.36 1 1
github.com/tensorchord/envd/pkg/app/env_describe.go:130.36,135.3 4 1
github.com/tensorchord/envd/pkg/app/env_describe.go:136.2,136.16 1 1
github.com/tensorchord/envd/pkg/app/env_ls.go:41.52,43.16 2 1
github.com/tensorchord/envd/pkg/app/env_ls.go:43.16,45.3 1 0
github.com/tensorchord/envd/pkg/app/env_ls.go:47.2,52.16 4 1
github.com/tensorchord/envd/pkg/app/env_ls.go:52.16,54.3 1 0
github.com/tensorchord/envd/pkg/app/env_ls.go:55.2,56.16 2 1
github.com/tensorchord/envd/pkg/app/env_ls.go:56.16,58.3 1 0
github.com/tensorchord/envd/pkg/app/env_ls.go:59.2,60.12 2 1
github.com/tensorchord/envd/pkg/app/env_ls.go:63.68,82.27 14 1
github.com/tensorchord/envd/pkg/app/env_ls.go:82.27,93.3 10 1
github.com/tensorchord/envd/pkg/app/env_ls.go:94.2,94.16 1 1
github.com/tensorchord/envd/pkg/app/env_ls.go:97.55,99.35 2 1
github.com/tensorchord/envd/pkg/app/env_ls.go:99.35,101.3 1 0
github.com/tensorchord/envd/pkg/app/env_ls.go:102.2,102.41 1 1
github.com/tensorchord/envd/pkg/app/env_ls.go:102.41,104.3 1 0
github.com/tensorchord/envd/pkg/app/env_ls.go:105.2,105.21 1 1
github.com/tensorchord/envd/pkg/app/image.go:55.46,57.16 2 0
github.com/tensorchord/envd/pkg/app/image.go:57.16,59.3 1 0
github.com/tensorchord/envd/pkg/app/image.go:60.2,64.16 3 0
github.com/tensorchord/envd/pkg/app/image.go:64.16,66.3 1 0
github.com/tensorchord/envd/pkg/app/image.go:67.2,68.16 2 0
github.com/tensorchord/envd/pkg/app/image.go:68.16,70.3 1 0
github.com/tensorchord/envd/pkg/app/image.go:71.2,72.12 2 0
github.com/tensorchord/envd/pkg/app/image.go:75.56,91.27 14 0
github.com/tensorchord/envd/pkg/app/image.go:91.27,102.3 10 0
github.com/tensorchord/envd/pkg/app/image.go:103.2,103.16 1 0
github.com/tensorchord/envd/pkg/app/image.go:106.39,107.16 1 2
github.com/tensorchord/envd/pkg/app/image.go:107.16,109.3 1 2
github.com/tensorchord/envd/pkg/app/image.go:110.2,110.13 1 0
github.com/tensorchord/envd/pkg/app/image.go:113.47,116.24 2 0
github.com/tensorchord/envd/pkg/app/image.go:116.24,118.3 1 0
github.com/tensorchord/envd/pkg/app/image.go:120.2,120.70 1 0
github.com/tensorchord/envd/pkg/app/image_describe.go:41.56,43.19 2 0
github.com/tensorchord/envd/pkg/app/image_describe.go:43.19,45.3 1 0
github.com/tensorchord/envd/pkg/app/image_describe.go:46.2,47.16 2 0
github.com/tensorchord/envd/pkg/app/image_describe.go:47.16,49.3 1 0
github.com/tensorchord/envd/pkg/app/image_describe.go:50.2,54.16 3 0
github.com/tensorchord/envd/pkg/app/image_describe.go:54.16,56.3 1 0
github.com/tensorchord/envd/pkg/app/image_describe.go:57.2,58.16 2 0
github.com/tensorchord/envd/pkg/app/image_describe.go:58.16,60.3 1 0
github.com/tensorchord/envd/pkg/app/image_describe.go:61.2,62.12 2 0
github.com/tensorchord/envd/pkg/app/image_prune.go:37.49,41.16 3 0
github.com/tensorchord/envd/pkg/app/image_prune.go:41.16,43.3 1 0
github.com/tensorchord/envd/pkg/app/image_prune.go:44.2,45.16 2 0
github.com/tensorchord/envd/pkg/app/image_prune.go:45.16,47.3 1 0
github.com/tensorchord/envd/pkg/app/image_prune.go:48.2,48.35 1 0
github.com/tensorchord/envd/pkg/app/image_prune.go:48.35,50.3 1 0
github.com/tensorchord/envd/pkg/app/image_prune.go:52.2,52.12 1 0
github.com/tensorchord/envd/pkg/app/image_prune.go:55.75,71.43 14 1
github.com/tensorchord/envd/pkg/app/image_prune.go:71.43,73.25 2 2
github.com/tensorchord/envd/pkg/app/image_prune.go:73.25,76.4 2 1
github.com/tensorchord/envd/pkg/app/image_prune.go:76.9,79.4 2 1
github.com/tensorchord/envd/pkg/app/image_prune.go:80.3,80.23 1 2
github.com/tensorchord/envd/pkg/app/image_prune.go:82.2,83.92 2 1
github.com/tensorchord/envd/pkg/app/image_remove.go:47.49,49.21 2 0
github.com/tensorchord/envd/pkg/app/image_remove.go:49.21,51.3 1 0
github.com/tensorchord/envd/pkg/app/image_remove.go:52.2,53.15 2 0
github.com/tensorchord/envd/pkg/app/image_remove.go:53.15,56.3 2 0
github.com/tensorchord/envd/pkg/app/image_remove.go:57.2,60.16 3 0
github.com/tensorchord/envd/pkg/app/image_remove.go:60.16,62.3 1 0
github.com/tensorchord/envd/pkg/app/image_remove.go:63.2,63.87 1 0
github.com/tensorchord/envd/pkg/app/image_remove.go:63.87,65.3 1 0
github.com/tensorchord/envd/pkg/app/image_remove.go:66.2,67.12 2 0
github.com/tensorchord/envd/pkg/app/init.go:64.36,65.14 1 1
github.com/tensorchord/envd/pkg/app/init.go:69.11,70.14 1 1
github.com/tensorchord/envd/pkg/app/init.go:72.2,72.14 1 0
github.com/tensorchord/envd/pkg/app/init.go:83.51,86.81 3 1
github.com/tensorchord/envd/pkg/app/init.go:86.81,87.17 1 2
github.com/tensorchord/envd/pkg/app/init.go:87.17,89.4 1 0
github.com/tensorchord/envd/pkg/app/init.go:90.3,90.16 1 2
github.com/tensorchord/envd/pkg/app/init.go:90.16,92.4 1 1
github.com/tensorchord/envd/pkg/app/init.go:93.3,94.17 2 1
github.com/tensorchord/envd/pkg/app/init.go:94.17,96.4 1 0
github.com/tensorchord/envd/pkg/app/init.go:97.3,97.63 1 1
github.com/tensorchord/envd/pkg/app/init.go:97.63,100.4 2 1
github.com/tensorchord/envd/pkg/app/init.go:101.3,101.53 1 0
github.com/tensorchord/envd/pkg/app/init.go:101.53,103.4 1 0
github.com/tensorchord/envd/pkg/app/init.go:104.3,104.13 1 0
github.com/tensorchord/envd/pkg/app/init.go:106.2,106.16 1 1
github.com/tensorchord/envd/pkg/app/init.go:106.16,108.3 1 0
github.com/tensorchord/envd/pkg/app/init.go:109.2,115.8 1 1
github.com/tensorchord/envd/pkg/app/init.go:118.40,122.30 4 1
github.com/tensorchord/envd/pkg/app/init.go:122.30,124.3 1 1
github.com/tensorchord/envd/pkg/app/init.go:125.2,125.26 1 1
github.com/tensorchord/envd/pkg/app/init.go:125.26,127.3 1 0
github.com/tensorchord/envd/pkg/app/init.go:128.2,128.17 1 1
github.com/tensorchord/envd/pkg/app/init.go:128.17,130.3 1 0
github.com/tensorchord/envd/pkg/app/init.go:131.2,131.20 1 1
github.com/tensorchord/envd/pkg/app/init.go:135.39,136.14 1 0
github.com/tensorchord/envd/pkg/app/init.go:141.14,142.14 1 0
github.com/tensorchord/envd/pkg/app/init.go:144.2,144.14 1 0
github.com/tensorchord/envd/pkg/app/init.go:147.48,149.16 2 1
github.com/tensorchord/envd/pkg/app/init.go:149.16,151.3 1 0
github.com/tensorchord/envd/pkg/app/init.go:152.2,152.28 1 1
github.com/tensorchord/envd/pkg/app/init.go:155.49,159.16 4 1
github.com/tensorchord/envd/pkg/app/init.go:159.16,161.3 1 0
github.com/tensorchord/envd/pkg/app/init.go:162.2,162.24 1 1
github.com/tensorchord/envd/pkg/app/init.go:162.24,164.3 1 0
github.com/tensorchord/envd/pkg/app/init.go:166.2,168.16 3 1
github.com/tensorchord/envd/pkg/app/init.go:168.16,170.3 1 0
github.com/tensorchord/envd/pkg/app/init.go:171.2,171.22 1 1
github.com/tensorchord/envd/pkg/app/init.go:171.22,173.3 1 0
github.com/tensorchord/envd/pkg/app/init.go:175.2,176.22 2 1
github.com/tensorchord/envd/pkg/app/init.go:176.22,178.3 1 1
github.com/tensorchord/envd/pkg/app/init.go:178.8,180.3 1 0
github.com/tensorchord/envd/pkg/app/init.go:181.2,181.16 1 1
github.com/tensorchord/envd/pkg/app/init.go:181.16,183.3 1 0
github.com/tensorchord/envd/pkg/app/init.go:184.2,185.16 2 1
github.com/tensorchord/envd/pkg/app/init.go:185.16,187.3 1 0
github.com/tensorchord/envd/pkg/app/init.go:188.2,188.12 1 1
github.com/tensorchord/envd/pkg/app/login.go:42.43,44.16 2 0
github.com/tensorchord/envd/pkg/app/login.go:44.16,46.3 1 0
github.com/tensorchord/envd/pkg/app/login.go:47.2,48.16 2 0
github.com/tensorchord/envd/pkg/app/login.go:48.16,50.3 1 0
github.com/tensorchord/envd/pkg/app/login.go:51.2,52.16 2 0
github.com/tensorchord/envd/pkg/app/login.go:52.16,54.3 1 0
github.com/tensorchord/envd/pkg/app/login.go:55.2,62.16 5 0
github.com/tensorchord/envd/pkg/app/login.go:62.16,64.3 1 0
github.com/tensorchord/envd/pkg/app/login.go:65.2,68.23 1 0
github.com/tensorchord/envd/pkg/app/login.go:68.23,70.3 1 0
github.com/tensorchord/envd/pkg/app/login.go:71.2,72.12 2 0
github.com/tensorchord/envd/pkg/app/login.go:75.37,79.2 3 0
github.com/tensorchord/envd/pkg/app/pause.go:42.43,44.15 2 0
github.com/tensorchord/envd/pkg/app/pause.go:44.15,46.3 1 0
github.com/tensorchord/envd/pkg/app/pause.go:47.2,48.16 2 0
github.com/tensorchord/envd/pkg/app/pause.go:48.16,50.3 1 0
github.com/tensorchord/envd/pkg/app/pause.go:51.2,55.16 3 0
github.com/tensorchord/envd/pkg/app/pause.go:55.16,57.3 1 0
github.com/tensorchord/envd/pkg/app/pause.go:58.2,59.16 2 0
github.com/tensorchord/envd/pkg/app/pause.go:59.16,61.3 1 0
github.com/tensorchord/envd/pkg/app/pause.go:62.2,62.16 1 0
github.com/tensorchord/envd/pkg/app/pause.go:62.16,64.3 1 0
github.com/tensorchord/envd/pkg/app/pause.go:65.2,65.12 1 0
github.com/tensorchord/envd/pkg/app/prune.go:56.43,58.14 2 0
github.com/tensorchord/envd/pkg/app/prune.go:58.14,59.56 1 0
github.com/tensorchord/envd/pkg/app/prune.go:59.56,61.4 1 0
github.com/tensorchord/envd/pkg/app/prune.go:64.2,70.16 6 0
github.com/tensorchord/envd/pkg/app/prune.go:70.16,72.3 1 0
github.com/tensorchord/envd/pkg/app/prune.go:73.2,75.16 2 0
github.com/tensorchord/envd/pkg/app/prune.go:75.16,77.3 1 0
github.com/tensorchord/envd/pkg/app/prune.go:78.2,79.69 1 0
github.com/tensorchord/envd/pkg/app/prune.go:79.69,81.3 1 0
github.com/tensorchord/envd/pkg/app/prune.go:82.2,82.12 1 0
github.com/tensorchord/envd/pkg/app/resume.go:42.44,44.15 2 0
github.com/tensorchord/envd/pkg/app/resume.go:44.15,46.3 1 0
github.com/tensorchord/envd/pkg/app/resume.go:47.2,48.16 2 0
github.com/tensorchord/envd/pkg/app/resume.go:48.16,50.3 1 0
github.com/tensorchord/envd/pkg/app/resume.go:51.2,55.16 3 0
github.com/tensorchord/envd/pkg/app/resume.go:55.16,57.3 1 0
github.com/tensorchord/envd/pkg/app/resume.go:58.2,59.16 2 0
github.com/tensorchord/envd/pkg/app/resume.go:59.16,61.3 1 0
github.com/tensorchord/envd/pkg/app/resume.go:62.2,62.16 1 0
github.com/tensorchord/envd/pkg/app/resume.go:62.16,64.3 1 0
github.com/tensorchord/envd/pkg/app/resume.go:65.2,65.12 1 0
github.com/tensorchord/envd/pkg/app/run.go:69.41,75.39 5 3
github.com/tensorchord/envd/pkg/app/run.go:75.39,77.3 1 0
github.com/tensorchord/envd/pkg/app/run.go:79.2,80.19 2 3
github.com/tensorchord/envd/pkg/app/run.go:80.19,82.17 2 1
github.com/tensorchord/envd/pkg/app/run.go:82.17,84.4 1 0
github.com/tensorchord/envd/pkg/app/run.go:85.3,86.17 2 1
github.com/tensorchord/envd/pkg/app/run.go:86.17,88.4 1 0
github.com/tensorchord/envd/pkg/app/run.go:89.3,90.17 2 1
github.com/tensorchord/envd/pkg/app/run.go:90.17,92.4 1 0
github.com/tensorchord/envd/pkg/app/run.go:93.3,93.21 1 1
github.com/tensorchord/envd/pkg/app/run.go:93.21,95.4 1 0
github.com/tensorchord/envd/pkg/app/run.go:96.3,102.17 3 1
github.com/tensorchord/envd/pkg/app/run.go:102.17,104.4 1 0
github.com/tensorchord/envd/pkg/app/run.go:105.3,105.45 1 1
github.com/tensorchord/envd/pkg/app/run.go:105.45,107.4 1 0
github.com/tensorchord/envd/pkg/app/run.go:108.3,108.63 1 1
github.com/tensorchord/envd/pkg/app/run.go:108.63,110.4 1 0
github.com/tensorchord/envd/pkg/app/run.go:110.9,112.4 1 1
github.com/tensorchord/envd/pkg/app/run.go:114.3,114.17 1 1
github.com/tensorchord/envd/pkg/app/run.go:114.17,116.4 1 1
github.com/tensorchord/envd/pkg/app/run.go:120.2,121.16 2 3
github.com/tensorchord/envd/pkg/app/run.go:121.16,123.3 1 0
github.com/tensorchord/envd/pkg/app/run.go:124.2,128.16 3 3
github.com/tensorchord/envd/pkg/app/run.go:128.16,130.3 1 0
github.com/tensorchord/envd/pkg/app/run.go:131.2,132.58 1 3
github.com/tensorchord/envd/pkg/app/run.go:132.58,135.3 1 0
github.com/tensorchord/envd/pkg/app/run.go:135.8,135.23 1 3
github.com/tensorchord/envd/pkg/app/run.go:135.23,137.3 1 0
github.com/tensorchord/envd/pkg/app/run.go:139.2,140.16 2 3
github.com/tensorchord/envd/pkg/app/run.go:140.16,142.3 1 0
github.com/tensorchord/envd/pkg/app/run.go:144.2,145.16 2 3
github.com/tensorchord/envd/pkg/app/run.go:145.16,147.3 1 0
github.com/tensorchord/envd/pkg/app/run.go:148.2,148.71 1 3
github.com/tensorchord/envd/pkg/app/run.go:148.71,152.3 2 0
github.com/tensorchord/envd/pkg/app/run.go:152.8,154.3 1 3
github.com/tensorchord/envd/pkg/app/run.go:155.2,155.12 1 3
github.com/tensorchord/envd/pkg/app/telemetry/reporter.go:52.51,53.17 1 0
github.com/tensorchord/envd/pkg/app/telemetry/reporter.go:53.17,58.17 2 0
github.com/tensorchord/envd/pkg/app/telemetry/reporter.go:58.17,59.14 1 0
github.com/tensorchord/envd/pkg/app/telemetry/reporter.go:61.3,64.4 1 0
github.com/tensorchord/envd/pkg/app/telemetry/reporter.go:66.2,66.24 1 0
github.com/tensorchord/envd/pkg/app/telemetry/reporter.go:69.29,71.2 1 0
github.com/tensorchord/envd/pkg/app/telemetry/reporter.go:74.40,77.16 2 0
github.com/tensorchord/envd/pkg/app/telemetry/reporter.go:77.16,79.3 1 0
github.com/tensorchord/envd/pkg/app/telemetry/reporter.go:81.2,83.16 3 0
github.com/tensorchord/envd/pkg/app/telemetry/reporter.go:83.16,84.25 1 0
github.com/tensorchord/envd/pkg/app/telemetry/reporter.go:84.25,87.18 3 0
github.com/tensorchord/envd/pkg/app/telemetry/reporter.go:87.18,89.5 1 0
github.com/tensorchord/envd/pkg/app/telemetry/reporter.go:90.4,91.18 2 0
github.com/tensorchord/envd/pkg/app/telemetry/reporter.go:91.18,93.5 1 0
github.com/tensorchord/envd/pkg/app/telemetry/reporter.go:94.4,95.44 2 0
github.com/tensorchord/envd/pkg/app/telemetry/reporter.go:95.44,97.5 1 0
github.com/tensorchord/envd/pkg/app/telemetry/reporter.go:98.9,100.4 1 0
github.com/tensorchord/envd/pkg/app/telemetry/reporter.go:103.2,104.16 2 0
github.com/tensorchord/envd/pkg/app/telemetry/reporter.go:104.16,106.3 1 0
github.com/tensorchord/envd/pkg/app/telemetry/reporter.go:109.2,110.16 2 0
github.com/tensorchord/envd/pkg/app/telemetry/reporter.go:110.16,112.3 1 0
github.com/tensorchord/envd/pkg/app/telemetry/reporter.go:113.2,117.12 4 0
github.com/tensorchord/envd/pkg/app/telemetry/reporter.go:120.49,122.16 2 0
github.com/tensorchord/envd/pkg/app/telemetry/reporter.go:122.16,124.3 1 0
github.com/tensorchord/envd/pkg/app/telemetry/reporter.go:125.2,129.12 3 0
github.com/tensorchord/envd/pkg/app/telemetry/reporter.go:132.38,134.15 2 0
github.com/tensorchord/envd/pkg/app/telemetry/reporter.go:134.15,151.18 3 0
github.com/tensorchord/envd/pkg/app/telemetry/reporter.go:151.18,154.4 2 0
github.com/tensorchord/envd/pkg/app/telemetry/reporter.go:158.62,159.39 1 0
github.com/tensorchord/envd/pkg/app/telemetry/reporter.go:159.39,161.3 1 0
github.com/tensorchord/envd/pkg/app/telemetry/reporter.go:164.79,165.15 1 0
github.com/tensorchord/envd/pkg/app/telemetry/reporter.go:165.15,175.32 3 0
github.com/tensorchord/envd/pkg/app/telemetry/reporter.go:175.32,177.4 1 0
github.com/tensorchord/envd/pkg/app/telemetry/reporter.go:178.3,178.45 1 0
github.com/tensorchord/envd/pkg/app/telemetry/reporter.go:178.45,180.4 1 0
github.com/tensorchord/envd/pkg/app/telemetry/reporter.go:182.3,182.19 1 0
github.com/tensorchord/envd/pkg/app/top.go:41.41,43.34 2 0
github.com/tensorchord/envd/pkg/app/top.go:43.34,45.3 1 0
github.com/tensorchord/envd/pkg/app/top.go:47.2,48.16 2 0
github.com/tensorchord/envd/pkg/app/top.go:48.16,50.3 1 0
github.com/tensorchord/envd/pkg/app/top.go:51.2,57.16 4 0
github.com/tensorchord/envd/pkg/app/top.go:57.16,59.3 1 0
github.com/tensorchord/envd/pkg/app/top.go:60.2,61.16 2 0
github.com/tensorchord/envd/pkg/app/top.go:61.16,63.3 1 0
github.com/tensorchord/envd/pkg/app/top.go:65.2,66.16 2 0
github.com/tensorchord/envd/pkg/app/top.go:66.16,68.3 1 0
github.com/tensorchord/envd/pkg/app/top.go:70.2,71.16 2 0
github.com/tensorchord/envd/pkg/app/top.go:71.16,73.3 1 0
github.com/tensorchord/envd/pkg/app/top.go:75.2,76.16 2 0
github.com/tensorchord/envd/pkg/app/top.go:76.16,78.3 1 0
github.com/tensorchord/envd/pkg/app/top.go:79.2,82.6 4 0
github.com/tensorchord/envd/pkg/app/top.go:82.6,83.10 1 0
github.com/tensorchord/envd/pkg/app/top.go:84.24,85.16 1 0
github.com/tensorchord/envd/pkg/app/top.go:86.22,87.15 1 0
github.com/tensorchord/envd/pkg/app/top.go:89.17,90.26 1 0
github.com/tensorchord/envd/pkg/app/top.go:90.26,92.5 1 0
github.com/tensorchord/envd/pkg/app/top.go:93.4,94.22 2 0
github.com/tensorchord/envd/pkg/app/top.go:99.109,108.27 8 0
github.com/tensorchord/envd/pkg/app/top.go:108.27,115.3 6 0
github.com/tensorchord/envd/pkg/app/top.go:116.2,117.25 2 0
github.com/tensorchord/envd/pkg/app/top.go:117.25,119.3 1 0
github.com/tensorchord/envd/pkg/app/top.go:120.2,120.14 1 0
github.com/tensorchord/envd/pkg/app/up.go:124.40,126.16 2 9
github.com/tensorchord/envd/pkg/app/up.go:126.16,128.3 1 0
github.com/tensorchord/envd/pkg/app/up.go:130.2,131.16 2 9
github.com/tensorchord/envd/pkg/app/up.go:131.16,133.3 1 0
github.com/tensorchord/envd/pkg/app/up.go:136.2,136.44 1 9
github.com/tensorchord/envd/pkg/app/up.go:136.44,138.3 1 0
github.com/tensorchord/envd/pkg/app/up.go:139.2,141.44 2 9
github.com/tensorchord/envd/pkg/app/up.go:141.44,142.50 1 0
github.com/tensorchord/envd/pkg/app/up.go:142.50,144.4 1 0
github.com/tensorchord/envd/pkg/app/up.go:147.2,157.16 6 9
github.com/tensorchord/envd/pkg/app/up.go:157.16,159.3 1 0
github.com/tensorchord/envd/pkg/app/up.go:160.2,160.49 1 9
github.com/tensorchord/envd/pkg/app/up.go:160.49,162.3 1 0
github.com/tensorchord/envd/pkg/app/up.go:163.2,163.63 1 9
github.com/tensorchord/envd/pkg/app/up.go:163.63,165.3 1 0
github.com/tensorchord/envd/pkg/app/up.go:166.2,166.55 1 9
github.com/tensorchord/envd/pkg/app/up.go:166.55,168.3 1 0
github.com/tensorchord/envd/pkg/app/up.go:170.2,174.15 4 9
github.com/tensorchord/envd/pkg/app/up.go:174.15,176.3 1 0
github.com/tensorchord/envd/pkg/app/up.go:176.8,178.3 1 9
github.com/tensorchord/envd/pkg/app/up.go:179.2,180.9 2 9
github.com/tensorchord/envd/pkg/app/up.go:180.9,182.3 1 0
github.com/tensorchord/envd/pkg/app/up.go:184.2,188.16 3 9
github.com/tensorchord/envd/pkg/app/up.go:188.16,190.3 1 0
github.com/tensorchord/envd/pkg/app/up.go:191.2,200.44 2 9
github.com/tensorchord/envd/pkg/app/up.go:200.44,207.3 1 9
github.com/tensorchord/envd/pkg/app/up.go:207.8,207.51 1 0
github.com/tensorchord/envd/pkg/app/up.go:207.51,209.3 1 0
github.com/tensorchord/envd/pkg/app/up.go:211.2,212.16 2 9
github.com/tensorchord/envd/pkg/app/up.go:212.16,214.3 1 0
github.com/tensorchord/envd/pkg/app/up.go:215.2,219.16 4 9
github.com/tensorchord/envd/pkg/app/up.go:219.16,221.3 1 0
github.com/tensorchord/envd/pkg/app/up.go:223.2,225.16 2 9
github.com/tensorchord/envd/pkg/app/up.go:225.16,227.3 1 0
github.com/tensorchord/envd/pkg/app/up.go:228.2,228.46 1 9
github.com/tensorchord/envd/pkg/app/up.go:228.46,231.3 2 0
github.com/tensorchord/envd/pkg/app/up.go:232.2,237.13 2 9
github.com/tensorchord/envd/pkg/app/up.go:237.13,239.53 1 0
github.com/tensorchord/envd/pkg/app/up.go:239.53,241.4 1 0
github.com/tensorchord/envd/pkg/app/up.go:244.2,244.12 1 9
github.com/tensorchord/envd/pkg/app/version.go:52.43,58.11 6 0
github.com/tensorchord/envd/pkg/app/version.go:58.11,60.3 1 0
github.com/tensorchord/envd/pkg/app/version.go:61.2,64.22 4 0
github.com/tensorchord/envd/pkg/app/version.go:64.22,66.3 1 0
github.com/tensorchord/envd/pkg/app/version.go:67.2,70.12 4 0
github.com/tensorchord/envd/pkg/app/version.go:70.12,71.17 1 0
github.com/tensorchord/envd/pkg/app/version.go:71.17,73.4 1 0
github.com/tensorchord/envd/pkg/app/version.go:73.9,75.33 2 0
github.com/tensorchord/envd/pkg/app/version.go:75.33,77.5 1 0
github.com/tensorchord/envd/pkg/app/version.go:78.4,81.66 4 0
github.com/tensorchord/envd/pkg/app/version.go:84.2,84.12 1 0
github.com/tensorchord/envd/pkg/app/version.go:87.75,89.16 2 0
github.com/tensorchord/envd/pkg/app/version.go:89.16,91.3 1 0
github.com/tensorchord/envd/pkg/app/version.go:92.2,96.16 3 0
github.com/tensorchord/envd/pkg/app/version.go:96.16,100.3 1 0
github.com/tensorchord/envd/pkg/app/version.go:102.2,103.16 2 0
github.com/tensorchord/envd/pkg/app/version.go:103.16,107.3 1 0
github.com/tensorchord/envd/pkg/app/version.go:109.2,117.8 1 0
github.com/tensorchord/envd/pkg/app/version.go:130.47,133.29 3 0
github.com/tensorchord/envd/pkg/app/version.go:133.29,135.3 1 0
github.com/tensorchord/envd/pkg/app/version.go:136.2,136.44 1 0
github.com/tensorchord/envd/pkg/autocomplete/bash.go:52.38,54.30 2 0
github.com/tensorchord/envd/pkg/autocomplete/bash.go:54.30,56.3 1 0
github.com/tensorchord/envd/pkg/autocomplete/bash.go:56.8,58.3 1 0
github.com/tensorchord/envd/pkg/autocomplete/bash.go:59.2,62.16 3 0
github.com/tensorchord/envd/pkg/autocomplete/bash.go:62.16,64.3 1 0
github.com/tensorchord/envd/pkg/autocomplete/bash.go:65.2,65.20 1 0
github.com/tensorchord/envd/pkg/autocomplete/bash.go:65.20,68.3 2 0
github.com/tensorchord/envd/pkg/autocomplete/bash.go:70.2,71.16 2 0
github.com/tensorchord/envd/pkg/autocomplete/bash.go:71.16,73.3 1 0
github.com/tensorchord/envd/pkg/autocomplete/bash.go:74.2,74.16 1 0
github.com/tensorchord/envd/pkg/autocomplete/bash.go:74.16,76.3 1 0
github.com/tensorchord/envd/pkg/autocomplete/bash.go:79.2,80.16 2 0
github.com/tensorchord/envd/pkg/autocomplete/bash.go:80.16,82.3 1 0
github.com/tensorchord/envd/pkg/autocomplete/bash.go:83.2,86.16 3 0
github.com/tensorchord/envd/pkg/autocomplete/bash.go:86.16,89.3 2 0
github.com/tensorchord/envd/pkg/autocomplete/bash.go:91.2,92.16 2 0
github.com/tensorchord/envd/pkg/autocomplete/bash.go:92.16,94.3 1 0
github.com/tensorchord/envd/pkg/autocomplete/bash.go:95.2,95.12 1 0
github.com/tensorchord/envd/pkg/autocomplete/bash.go:98.42,100.2 1 0
github.com/tensorchord/envd/pkg/autocomplete/zsh.go:62.37,65.16 2 0
github.com/tensorchord/envd/pkg/autocomplete/zsh.go:65.16,68.3 2 0
github.com/tensorchord/envd/pkg/autocomplete/zsh.go:71.2,82.27 7 0
github.com/tensorchord/envd/pkg/autocomplete/zsh.go:82.27,84.17 2 0
github.com/tensorchord/envd/pkg/autocomplete/zsh.go:84.17,86.4 1 0
github.com/tensorchord/envd/pkg/autocomplete/zsh.go:87.3,87.20 1 0
github.com/tensorchord/envd/pkg/autocomplete/zsh.go:87.20,92.18 4 0
github.com/tensorchord/envd/pkg/autocomplete/zsh.go:92.18,94.5 1 0
github.com/tensorchord/envd/pkg/autocomplete/zsh.go:95.4,95.18 1 0
github.com/tensorchord/envd/pkg/autocomplete/zsh.go:95.18,97.5 1 0
github.com/tensorchord/envd/pkg/autocomplete/zsh.go:100.4,101.18 2 0
github.com/tensorchord/envd/pkg/autocomplete/zsh.go:101.18,103.13 2 0
github.com/tensorchord/envd/pkg/autocomplete/zsh.go:106.4,106.9 1 0
github.com/tensorchord/envd/pkg/autocomplete/zsh.go:110.2,110.14 1 0
github.com/tensorchord/envd/pkg/autocomplete/zsh.go:110.14,112.3 1 0
github.com/tensorchord/envd/pkg/autocomplete/zsh.go:113.2,116.16 3 0
github.com/tensorchord/envd/pkg/autocomplete/zsh.go:116.16,119.3 2 0
github.com/tensorchord/envd/pkg/autocomplete/zsh.go:121.2,122.16 2 0
github.com/tensorchord/envd/pkg/autocomplete/zsh.go:122.16,124.3 1 0
github.com/tensorchord/envd/pkg/autocomplete/zsh.go:126.2,126.38 1 0
github.com/tensorchord/envd/pkg/autocomplete/zsh.go:126.38,128.17 2 0
github.com/tensorchord/envd/pkg/autocomplete/zsh.go:128.17,132.4 2 0
github.com/tensorchord/envd/pkg/autocomplete/zsh.go:133.3,136.17 3 0
github.com/tensorchord/envd/pkg/autocomplete/zsh.go:136.17,140.4 2 0
github.com/tensorchord/envd/pkg/autocomplete/zsh.go:143.2,143.26 1 0
github.com/tensorchord/envd/pkg/autocomplete/zsh.go:146.41,148.2 1 0
github.com/tensorchord/envd/pkg/autocomplete/zsh.go:150.30,153.12 3 0
github.com/tensorchord/envd/pkg/autocomplete/zsh.go:153.12,156.17 3 0
github.com/tensorchord/envd/pkg/autocomplete/zsh.go:156.17,158.4 1 0
github.com/tensorchord/envd/pkg/autocomplete/zsh.go:159.8,161.17 2 0
github.com/tensorchord/envd/pkg/autocomplete/zsh.go:161.17,163.4 1 0
github.com/tensorchord/envd/pkg/autocomplete/zsh.go:164.3,164.32 1 0
github.com/tensorchord/envd/pkg/autocomplete/zsh.go:166.2,167.16 2 0
github.com/tensorchord/envd/pkg/autocomplete/zsh.go:167.16,169.3 1 0
github.com/tensorchord/envd/pkg/autocomplete/zsh.go:170.2,170.26 1 0
github.com/tensorchord/envd/pkg/autocomplete/zsh.go:170.26,171.48 1 0
github.com/tensorchord/envd/pkg/autocomplete/zsh.go:171.48,174.18 3 0
github.com/tensorchord/envd/pkg/autocomplete/zsh.go:174.18,176.5 1 0
github.com/tensorchord/envd/pkg/autocomplete/zsh.go:179.2,179.12 1 0
github.com/tensorchord/envd/pkg/builder/build.go:25.104,26.76 1 2
github.com/tensorchord/envd/pkg/builder/build.go:26.76,34.67 3 0
github.com/tensorchord/envd/pkg/builder/build.go:34.67,36.4 1 0
github.com/tensorchord/envd/pkg/builder/build.go:36.9,36.36 1 0
github.com/tensorchord/envd/pkg/builder/build.go:36.36,40.18 3 0
github.com/tensorchord/envd/pkg/builder/build.go:40.18,42.5 1 0
github.com/tensorchord/envd/pkg/builder/build.go:43.4,43.56 1 0
github.com/tensorchord/envd/pkg/builder/build.go:47.3,47.34 1 0
github.com/tensorchord/envd/pkg/builder/build.go:47.34,49.18 2 0
github.com/tensorchord/envd/pkg/builder/build.go:49.18,51.5 1 0
github.com/tensorchord/envd/pkg/builder/build.go:52.4,52.56 1 0
github.com/tensorchord/envd/pkg/builder/build.go:55.3,56.17 2 0
github.com/tensorchord/envd/pkg/builder/build.go:56.17,58.4 1 0
github.com/tensorchord/envd/pkg/builder/build.go:60.3,61.17 2 0
github.com/tensorchord/envd/pkg/builder/build.go:61.17,63.4 1 0
github.com/tensorchord/envd/pkg/builder/build.go:65.3,68.18 3 0
github.com/tensorchord/envd/pkg/builder/builder.go:85.39,87.2 1 4
github.com/tensorchord/envd/pkg/builder/builder.go:88.55,88.89 1 3
github.com/tensorchord/envd/pkg/builder/builder.go:102.61,104.16 2 0
github.com/tensorchord/envd/pkg/builder/builder.go:104.16,106.3 1 0
github.com/tensorchord/envd/pkg/builder/builder.go:108.2,110.23 2 0
github.com/tensorchord/envd/pkg/builder/builder.go:110.23,116.3 1 0
github.com/tensorchord/envd/pkg/builder/builder.go:116.8,116.29 1 0
github.com/tensorchord/envd/pkg/builder/builder.go:116.29,118.3 1 0
github.com/tensorchord/envd/pkg/builder/builder.go:120.2,132.16 4 0
github.com/tensorchord/envd/pkg/builder/builder.go:132.16,134.3 1 0
github.com/tensorchord/envd/pkg/builder/builder.go:135.2,136.16 2 0
github.com/tensorchord/envd/pkg/builder/builder.go:136.16,138.3 1 0
github.com/tensorchord/envd/pkg/builder/builder.go:139.2,142.15 3 0
github.com/tensorchord/envd/pkg/builder/builder.go:146.43,148.2 1 0
github.com/tensorchord/envd/pkg/builder/builder.go:151.39,153.2 1 0
github.com/tensorchord/envd/pkg/builder/builder.go:155.70,156.40 1 0
github.com/tensorchord/envd/pkg/builder/builder.go:156.40,158.3 1 0
github.com/tensorchord/envd/pkg/builder/builder.go:160.2,161.16 2 0
github.com/tensorchord/envd/pkg/builder/builder.go:161.16,163.3 1 0
github.com/tensorchord/envd/pkg/builder/builder.go:164.2,167.16 3 0
github.com/tensorchord/envd/pkg/builder/builder.go:167.16,169.3 1 0
github.com/tensorchord/envd/pkg/builder/builder.go:171.2,171.40 1 0
github.com/tensorchord/envd/pkg/builder/builder.go:171.40,173.3 1 0
github.com/tensorchord/envd/pkg/builder/builder.go:174.2,174.12 1 0
github.com/tensorchord/envd/pkg/builder/builder.go:177.43,179.28 1 0
github.com/tensorchord/envd/pkg/builder/builder.go:179.28,181.61 2 0
github.com/tensorchord/envd/pkg/builder/builder.go:181.61,183.4 1 0
github.com/tensorchord/envd/pkg/builder/builder.go:186.2,186.75 1 0
github.com/tensorchord/envd/pkg/builder/builder.go:186.75,188.3 1 0
github.com/tensorchord/envd/pkg/builder/builder.go:189.2,189.12 1 0
github.com/tensorchord/envd/pkg/builder/builder.go:192.79,195.16 3 0
github.com/tensorchord/envd/pkg/builder/builder.go:195.16,197.3 1 0
github.com/tensorchord/envd/pkg/builder/builder.go:198.2,199.17 2 0
github.com/tensorchord/envd/pkg/builder/builder.go:202.66,204.2 1 0
github.com/tensorchord/envd/pkg/builder/builder.go:207.74,209.16 2 0
github.com/tensorchord/envd/pkg/builder/builder.go:209.16,211.3 1 0
github.com/tensorchord/envd/pkg/builder/builder.go:212.2,215.16 3 0
github.com/tensorchord/envd/pkg/builder/builder.go:215.16,217.3 1 0
github.com/tensorchord/envd/pkg/builder/builder.go:218.2,221.16 3 0
github.com/tensorchord/envd/pkg/builder/builder.go:221.16,223.3 1 0
github.com/tensorchord/envd/pkg/builder/builder.go:224.2,229.16 4 0
github.com/tensorchord/envd/pkg/builder/builder.go:229.16,231.3 1 0
github.com/tensorchord/envd/pkg/builder/builder.go:232.2,232.18 1 0
github.com/tensorchord/envd/pkg/builder/builder.go:235.65,236.28 1 0
github.com/tensorchord/envd/pkg/builder/builder.go:236.28,238.3 1 0
github.com/tensorchord/envd/pkg/builder/builder.go:239.2,239.17 1 0
github.com/tensorchord/envd/pkg/builder/builder.go:242.84,245.16 3 2
github.com/tensorchord/envd/pkg/builder/builder.go:245.16,247.3 1 0
github.com/tensorchord/envd/pkg/builder/builder.go:249.2,256.34 5 2
github.com/tensorchord/envd/pkg/builder/builder.go:256.34,262.21 3 2
github.com/tensorchord/envd/pkg/builder/builder.go:264.30,265.23 1 2
github.com/tensorchord/envd/pkg/builder/builder.go:265.23,266.27 1 2
github.com/tensorchord/envd/pkg/builder/builder.go:266.27,272.63 1 2
github.com/tensorchord/envd/pkg/builder/builder.go:272.63,274.8 1 0
github.com/tensorchord/envd/pkg/builder/builder.go:277.5,287.23 3 2
github.com/tensorchord/envd/pkg/builder/builder.go:287.23,293.6 1 0
github.com/tensorchord/envd/pkg/builder/builder.go:294.5,295.19 2 2
github.com/tensorchord/envd/pkg/builder/builder.go:295.19,299.6 3 1
github.com/tensorchord/envd/pkg/builder/builder.go:300.5,301.15 2 1
github.com/tensorchord/envd/pkg/builder/builder.go:304.4,304.23 1 2
github.com/tensorchord/envd/pkg/builder/builder.go:304.23,307.19 3 2
github.com/tensorchord/envd/pkg/builder/builder.go:307.19,309.6 1 1
github.com/tensorchord/envd/pkg/builder/builder.go:310.5,311.63 2 1
github.com/tensorchord/envd/pkg/builder/builder.go:311.63,315.6 3 0
github.com/tensorchord/envd/pkg/builder/builder.go:316.5,317.15 2 1
github.com/tensorchord/envd/pkg/builder/builder.go:319.11,320.23 1 0
github.com/tensorchord/envd/pkg/builder/builder.go:320.23,330.23 2 0
github.com/tensorchord/envd/pkg/builder/builder.go:330.23,336.6 1 0
github.com/tensorchord/envd/pkg/builder/builder.go:337.5,338.19 2 0
github.com/tensorchord/envd/pkg/builder/builder.go:338.19,341.6 2 0
github.com/tensorchord/envd/pkg/builder/builder.go:342.5,343.15 2 0
github.com/tensorchord/envd/pkg/builder/builder.go:349.2,349.21 1 2
github.com/tensorchord/envd/pkg/builder/builder.go:349.21,353.3 2 2
github.com/tensorchord/envd/pkg/builder/builder.go:355.2,356.16 2 2
github.com/tensorchord/envd/pkg/builder/builder.go:356.16,357.39 1 1
github.com/tensorchord/envd/pkg/builder/builder.go:357.39,362.4 3 0
github.com/tensorchord/envd/pkg/builder/builder.go:362.9,364.4 1 1
github.com/tensorchord/envd/pkg/builder/builder.go:366.2,367.12 2 1
github.com/tensorchord/envd/pkg/builder/builder.go:370.68,371.33 1 0
github.com/tensorchord/envd/pkg/builder/builder.go:371.33,373.3 1 0
github.com/tensorchord/envd/pkg/builder/builder.go:374.2,379.16 4 0
github.com/tensorchord/envd/pkg/builder/builder.go:379.16,381.3 1 0
github.com/tensorchord/envd/pkg/builder/builder.go:382.2,382.16 1 0
github.com/tensorchord/envd/pkg/builder/builder.go:382.16,385.3 2 0
github.com/tensorchord/envd/pkg/builder/builder.go:386.2,386.13 1 0
github.com/tensorchord/envd/pkg/builder/builder.go:389.43,394.2 4 0
github.com/tensorchord/envd/pkg/builder/builder.go:397.37,403.27 2 0
github.com/tensorchord/envd/pkg/builder/builder.go:403.27,405.3 1 0
github.com/tensorchord/envd/pkg/builder/builder.go:406.2,407.28 2 0
github.com/tensorchord/envd/pkg/builder/builder.go:411.93,412.42 1 0
github.com/tensorchord/envd/pkg/builder/builder.go:412.42,414.40 2 0
github.com/tensorchord/envd/pkg/builder/builder.go:414.40,417.4 2 0
github.com/tensorchord/envd/pkg/builder/builder.go:417.9,417.44 1 0
github.com/tensorchord/envd/pkg/builder/builder.go:417.44,418.48 1 0
github.com/tensorchord/envd/pkg/builder/builder.go:418.48,419.27 1 0
github.com/tensorchord/envd/pkg/builder/builder.go:419.27,422.6 2 0
github.com/tensorchord/envd/pkg/builder/builder.go:424.9,427.32 3 0
github.com/tensorchord/envd/pkg/builder/builder.go:427.32,429.29 2 0
github.com/tensorchord/envd/pkg/builder/builder.go:429.29,430.30 1 0
github.com/tensorchord/envd/pkg/builder/builder.go:430.30,432.7 1 0
github.com/tensorchord/envd/pkg/builder/builder.go:433.6,433.31 1 0
github.com/tensorchord/envd/pkg/builder/builder.go:433.31,435.7 1 0
github.com/tensorchord/envd/pkg/builder/builder.go:436.6,436.32 1 0
github.com/tensorchord/envd/pkg/builder/builder.go:436.32,439.7 2 0
github.com/tensorchord/envd/pkg/builder/builder.go:444.2,444.13 1 0
github.com/tensorchord/envd/pkg/builder/builder.go:448.124,450.16 2 0
github.com/tensorchord/envd/pkg/builder/builder.go:450.16,452.3 1 0
github.com/tensorchord/envd/pkg/builder/builder.go:454.2,455.16 2 0
github.com/tensorchord/envd/pkg/builder/builder.go:455.16,457.3 1 0
github.com/tensorchord/envd/pkg/builder/builder.go:458.2,461.27 3 0
github.com/tensorchord/envd/pkg/builder/builder.go:461.27,463.17 2 0
github.com/tensorchord/envd/pkg/builder/builder.go:463.17,465.4 1 0
github.com/tensorchord/envd/pkg/builder/builder.go:466.3,468.37 2 0
github.com/tensorchord/envd/pkg/builder/builder.go:468.37,470.4 1 0
github.com/tensorchord/envd/pkg/builder/builder.go:472.2,472.40 1 0
github.com/tensorchord/envd/pkg/builder/builder.go:472.40,474.3 1 0
github.com/tensorchord/envd/pkg/builder/builder.go:475.2,475.19 1 0
github.com/tensorchord/envd/pkg/builder/util.go:39.53,58.16 4 0
github.com/tensorchord/envd/pkg/builder/util.go:58.16,60.3 1 0
github.com/tensorchord/envd/pkg/builder/util.go:61.2,61.26 1 0
github.com/tensorchord/envd/pkg/builder/util.go:64.77,71.16 4 2
github.com/tensorchord/envd/pkg/builder/util.go:71.16,73.3 1 0
github.com/tensorchord/envd/pkg/builder/util.go:74.2,74.31 1 2
github.com/tensorchord/envd/pkg/builder/util.go:74.31,76.22 2 4
github.com/tensorchord/envd/pkg/builder/util.go:76.22,78.4 1 0
github.com/tensorchord/envd/pkg/builder/util.go:79.3,81.14 3 4
github.com/tensorchord/envd/pkg/builder/util.go:82.15,83.19 1 2
github.com/tensorchord/envd/pkg/builder/util.go:84.11,85.25 1 2
github.com/tensorchord/envd/pkg/builder/util.go:88.2,88.19 1 2
github.com/tensorchord/envd/pkg/builder/util.go:88.19,90.3 1 0
github.com/tensorchord/envd/pkg/builder/util.go:91.2,91.16 1 2
github.com/tensorchord/envd/pkg/builder/util.go:95.89,97.43 2 2
github.com/tensorchord/envd/pkg/builder/util.go:97.43,99.13 2 4
github.com/tensorchord/envd/pkg/builder/util.go:99.13,105.4 2 2
github.com/tensorchord/envd/pkg/builder/util.go:105.9,107.18 2 2
github.com/tensorchord/envd/pkg/builder/util.go:107.18,109.5 1 0
github.com/tensorchord/envd/pkg/builder/util.go:110.4,110.33 1 2
github.com/tensorchord/envd/pkg/builder/util.go:113.2,113.21 1 2
github.com/tensorchord/envd/pkg/builder/util.go:118.105,120.36 2 5
github.com/tensorchord/envd/pkg/builder/util.go:120.36,121.29 1 2
github.com/tensorchord/envd/pkg/builder/util.go:121.29,123.4 1 0
github.com/tensorchord/envd/pkg/builder/util.go:125.2,125.43 1 5
github.com/tensorchord/envd/pkg/builder/util.go:125.43,126.28 1 5
github.com/tensorchord/envd/pkg/builder/util.go:126.28,127.12 1 2
github.com/tensorchord/envd/pkg/builder/util.go:129.3,130.13 2 3
github.com/tensorchord/envd/pkg/builder/util.go:130.13,133.18 3 1
github.com/tensorchord/envd/pkg/builder/util.go:133.18,135.5 1 0
github.com/tensorchord/envd/pkg/builder/util.go:136.4,136.35 1 1
github.com/tensorchord/envd/pkg/builder/util.go:136.35,138.5 1 0
github.com/tensorchord/envd/pkg/builder/util.go:139.4,143.6 2 1
github.com/tensorchord/envd/pkg/builder/util.go:144.9,145.38 1 2
github.com/tensorchord/envd/pkg/builder/util.go:145.38,147.5 1 1
github.com/tensorchord/envd/pkg/builder/util.go:148.4,149.18 2 1
github.com/tensorchord/envd/pkg/builder/util.go:149.18,151.5 1 0
github.com/tensorchord/envd/pkg/builder/util.go:152.4,152.33 1 1
github.com/tensorchord/envd/pkg/builder/util.go:155.2,155.21 1 4
github.com/tensorchord/envd/pkg/builder/util.go:158.54,160.23 2 1
github.com/tensorchord/envd/pkg/builder/util.go:160.23,162.22 2 1
github.com/tensorchord/envd/pkg/builder/util.go:162.22,164.4 1 0
github.com/tensorchord/envd/pkg/builder/util.go:165.3,165.25 1 1
github.com/tensorchord/envd/pkg/builder/util.go:167.2,167.15 1 1
github.com/tensorchord/envd/pkg/builder/util.go:170.70,177.16 4 1
github.com/tensorchord/envd/pkg/builder/util.go:177.16,179.3 1 0
github.com/tensorchord/envd/pkg/builder/util.go:180.2,180.31 1 1
github.com/tensorchord/envd/pkg/builder/util.go:180.31,182.22 2 2
github.com/tensorchord/envd/pkg/builder/util.go:182.22,184.4 1 0
github.com/tensorchord/envd/pkg/builder/util.go:185.3,187.14 3 2
github.com/tensorchord/envd/pkg/builder/util.go:188.15,189.19 1 1
github.com/tensorchord/envd/pkg/builder/util.go:190.11,191.25 1 1
github.com/tensorchord/envd/pkg/builder/util.go:194.2,194.19 1 1
github.com/tensorchord/envd/pkg/builder/util.go:194.19,196.3 1 0
github.com/tensorchord/envd/pkg/builder/util.go:197.2,197.36 1 1
github.com/tensorchord/envd/pkg/builder/util.go:197.36,199.3 1 1
github.com/tensorchord/envd/pkg/builder/util.go:200.2,200.16 1 1
github.com/tensorchord/envd/pkg/builder/util.go:205.64,207.19 2 4
github.com/tensorchord/envd/pkg/builder/util.go:207.19,209.3 1 1
github.com/tensorchord/envd/pkg/builder/util.go:211.2,212.16 2 3
github.com/tensorchord/envd/pkg/builder/util.go:212.16,214.3 1 1
github.com/tensorchord/envd/pkg/builder/util.go:215.2,216.21 2 2
github.com/tensorchord/envd/pkg/builder/util.go:220.59,227.16 4 3
github.com/tensorchord/envd/pkg/builder/util.go:227.16,229.3 1 0
github.com/tensorchord/envd/pkg/builder/util.go:230.2,230.31 1 3
github.com/tensorchord/envd/pkg/builder/util.go:230.31,232.22 2 6
github.com/tensorchord/envd/pkg/builder/util.go:232.22,234.4 1 0
github.com/tensorchord/envd/pkg/builder/util.go:235.3,237.14 3 6
github.com/tensorchord/envd/pkg/builder/util.go:238.15,242.19 2 3
github.com/tensorchord/envd/pkg/builder/util.go:243.11,248.25 2 3
github.com/tensorchord/envd/pkg/builder/util.go:251.2,251.19 1 3
github.com/tensorchord/envd/pkg/builder/util.go:251.19,253.3 1 1
github.com/tensorchord/envd/pkg/builder/util.go:254.2,254.37 1 2
github.com/tensorchord/envd/pkg/builder/util.go:254.37,256.3 1 0
github.com/tensorchord/envd/pkg/builder/util.go:257.2,258.16 2 2
github.com/tensorchord/envd/pkg/builder/util.go:258.16,260.3 1 0
github.com/tensorchord/envd/pkg/builder/util.go:261.2,261.44 1 2
github.com/tensorchord/envd/pkg/builder/util.go:261.44,263.3 1 2
github.com/tensorchord/envd/pkg/builder/util.go:264.2,264.16 1 2
github.com/tensorchord/envd/pkg/builder/util.go:268.114,269.88 1 2
github.com/tensorchord/envd/pkg/builder/util.go:269.88,270.60 1 2
github.com/tensorchord/envd/pkg/builder/util.go:270.60,272.4 1 0
github.com/tensorchord/envd/pkg/builder/util.go:274.2,274.18 1 2
github.com/tensorchord/envd/pkg/builder/util.go:275.28,276.17 1 0
github.com/tensorchord/envd/pkg/builder/util.go:276.17,278.4 1 0
github.com/tensorchord/envd/pkg/builder/util.go:279.3,279.24 1 0
github.com/tensorchord/envd/pkg/builder/util.go:280.69,281.32 1 2
github.com/tensorchord/envd/pkg/builder/util.go:281.32,283.53 2 1
github.com/tensorchord/envd/pkg/builder/util.go:283.53,285.5 1 0
github.com/tensorchord/envd/pkg/builder/util.go:286.4,286.32 1 1
github.com/tensorchord/envd/pkg/builder/util.go:286.32,288.5 1 0
github.com/tensorchord/envd/pkg/builder/util.go:289.4,290.33 2 1
github.com/tensorchord/envd/pkg/builder/util.go:293.3,293.63 1 1
github.com/tensorchord/envd/pkg/builder/util.go:293.63,295.4 1 0
github.com/tensorchord/envd/pkg/builder/util.go:296.3,296.40 1 1
github.com/tensorchord/envd/pkg/builder/util.go:297.10,298.17 1 0
github.com/tensorchord/envd/pkg/builder/util.go:298.17,300.4 1 0
github.com/tensorchord/envd/pkg/builder/util.go:301.3,301.22 1 0
github.com/tensorchord/envd/pkg/builder/util.go:305.59,308.37 3 6
github.com/tensorchord/envd/pkg/builder/util.go:308.37,309.23 1 2
github.com/tensorchord/envd/pkg/builder/util.go:309.23,311.4 1 1
github.com/tensorchord/envd/pkg/builder/util.go:312.3,312.33 1 2
github.com/tensorchord/envd/pkg/builder/util.go:315.2,317.23 2 4
github.com/tensorchord/envd/pkg/builder/util.go:317.23,319.3 1 1
github.com/tensorchord/envd/pkg/builder/util.go:320.2,320.22 1 3
github.com/tensorchord/envd/pkg/builder/util.go:320.22,322.3 1 2
github.com/tensorchord/envd/pkg/builder/util.go:323.2,323.22 1 3
github.com/tensorchord/envd/pkg/builder/util.go:323.22,325.3 1 2
github.com/tensorchord/envd/pkg/builder/util.go:326.2,326.32 1 3
github.com/tensorchord/envd/pkg/buildkitd/buildkitd.go:72.41,88.16 6 0
github.com/tensorchord/envd/pkg/buildkitd/buildkitd.go:88.16,90.3 1 0
github.com/tensorchord/envd/pkg/buildkitd/buildkitd.go:91.2,93.75 2 0
github.com/tensorchord/envd/pkg/buildkitd/buildkitd.go:93.75,95.3 1 0
github.com/tensorchord/envd/pkg/buildkitd/buildkitd.go:96.2,96.15 1 0
github.com/tensorchord/envd/pkg/buildkitd/buildkitd.go:100.67,102.16 2 0
github.com/tensorchord/envd/pkg/buildkitd/buildkitd.go:102.16,104.3 1 0
github.com/tensorchord/envd/pkg/buildkitd/buildkitd.go:105.2,105.21 1 0
github.com/tensorchord/envd/pkg/buildkitd/buildkitd.go:108.38,110.2 1 0
github.com/tensorchord/envd/pkg/buildkitd/buildkitd.go:115.67,116.41 1 0
github.com/tensorchord/envd/pkg/buildkitd/buildkitd.go:116.41,118.17 2 0
github.com/tensorchord/envd/pkg/buildkitd/buildkitd.go:118.17,120.4 1 0
github.com/tensorchord/envd/pkg/buildkitd/buildkitd.go:121.3,127.17 3 0
github.com/tensorchord/envd/pkg/buildkitd/buildkitd.go:127.17,129.4 1 0
github.com/tensorchord/envd/pkg/buildkitd/buildkitd.go:131.3,132.17 2 0
github.com/tensorchord/envd/pkg/buildkitd/buildkitd.go:132.17,134.4 1 0
github.com/tensorchord/envd/pkg/buildkitd/buildkitd.go:136.3,136.15 1 0
github.com/tensorchord/envd/pkg/buildkitd/buildkitd.go:136.15,139.58 2 0
github.com/tensorchord/envd/pkg/buildkitd/buildkitd.go:139.58,141.5 1 0
github.com/tensorchord/envd/pkg/buildkitd/buildkitd.go:142.4,143.55 1 0
github.com/tensorchord/envd/pkg/buildkitd/buildkitd.go:143.55,145.5 1 0
github.com/tensorchord/envd/pkg/buildkitd/buildkitd.go:147.3,148.26 2 0
github.com/tensorchord/envd/pkg/buildkitd/buildkitd.go:148.26,151.18 3 0
github.com/tensorchord/envd/pkg/buildkitd/buildkitd.go:151.18,154.5 2 0
github.com/tensorchord/envd/pkg/buildkitd/buildkitd.go:157.3,157.91 1 0
github.com/tensorchord/envd/pkg/buildkitd/buildkitd.go:160.2,160.69 1 0
github.com/tensorchord/envd/pkg/buildkitd/buildkitd.go:160.69,163.3 1 0
github.com/tensorchord/envd/pkg/buildkitd/buildkitd.go:165.2,165.31 1 0
github.com/tensorchord/envd/pkg/buildkitd/buildkitd.go:169.52,175.6 4 0
github.com/tensorchord/envd/pkg/buildkitd/buildkitd.go:175.6,176.10 1 0
github.com/tensorchord/envd/pkg/buildkitd/buildkitd.go:177.31,179.18 2 0
github.com/tensorchord/envd/pkg/buildkitd/buildkitd.go:179.18,181.13 2 0
github.com/tensorchord/envd/pkg/buildkitd/buildkitd.go:183.4,183.18 1 0
github.com/tensorchord/envd/pkg/buildkitd/buildkitd.go:183.18,184.13 1 0
github.com/tensorchord/envd/pkg/buildkitd/buildkitd.go:186.4,186.17 1 0
github.com/tensorchord/envd/pkg/buildkitd/buildkitd.go:186.17,189.5 2 0
github.com/tensorchord/envd/pkg/buildkitd/buildkitd.go:191.28,192.76 1 0
github.com/tensorchord/envd/pkg/buildkitd/buildkitd.go:197.69,198.46 1 0
github.com/tensorchord/envd/pkg/buildkitd/buildkitd.go:198.46,200.3 1 0
github.com/tensorchord/envd/pkg/buildkitd/buildkitd.go:201.2,201.18 1 0
github.com/tensorchord/envd/pkg/buildkitd/buildkitd.go:205.65,210.9 2 0
github.com/tensorchord/envd/pkg/buildkitd/buildkitd.go:210.9,212.3 1 0
github.com/tensorchord/envd/pkg/buildkitd/buildkitd.go:214.2,221.12 6 0
github.com/tensorchord/envd/pkg/buildkitd/buildkitd.go:221.12,223.22 2 0
github.com/tensorchord/envd/pkg/buildkitd/buildkitd.go:223.22,225.15 2 0
github.com/tensorchord/envd/pkg/buildkitd/buildkitd.go:225.15,227.5 1 0
github.com/tensorchord/envd/pkg/buildkitd/buildkitd.go:227.10,228.14 1 0
github.com/tensorchord/envd/pkg/buildkitd/buildkitd.go:228.14,231.6 2 0
github.com/tensorchord/envd/pkg/buildkitd/buildkitd.go:232.5,233.15 2 0
github.com/tensorchord/envd/pkg/buildkitd/buildkitd.go:238.2,241.16 4 0
github.com/tensorchord/envd/pkg/buildkitd/buildkitd.go:241.16,243.3 1 0
github.com/tensorchord/envd/pkg/buildkitd/buildkitd.go:245.2,248.12 4 0
github.com/tensorchord/envd/pkg/buildkitd/buildkitd.go:251.47,253.2 1 0
github.com/tensorchord/envd/pkg/buildkitd/mock/mock.go:30.57,34.2 3 2
github.com/tensorchord/envd/pkg/buildkitd/mock/mock.go:37.55,39.2 1 2
github.com/tensorchord/envd/pkg/buildkitd/mock/mock.go:42.183,48.2 5 2
github.com/tensorchord/envd/pkg/buildkitd/mock/mock.go:51.108,54.2 2 2
github.com/tensorchord/envd/pkg/buildkitd/mock/mock.go:57.45,62.2 4 0
github.com/tensorchord/envd/pkg/buildkitd/mock/mock.go:65.64,68.2 2 0
github.com/tensorchord/envd/pkg/buildkitd/mock/mock.go:71.36,76.2 4 0
github.com/tensorchord/envd/pkg/buildkitd/mock/mock.go:79.56,82.2 2 0
github.com/tensorchord/envd/pkg/buildkitd/mock/mock.go:85.140,90.2 4 0
github.com/tensorchord/envd/pkg/buildkitd/mock/mock.go:93.120,96.2 2 0
github.com/tensorchord/envd/pkg/buildkitd/mock/mock.go:99.159,105.2 5 0
github.com/tensorchord/envd/pkg/buildkitd/mock/mock.go:108.93,111.2 2 0
github.com/tensorchord/envd/pkg/buildkitd/print.go:27.65,28.24 1 0
github.com/tensorchord/envd/pkg/buildkitd/print.go:28.24,30.26 2 0
github.com/tensorchord/envd/pkg/buildkitd/print.go:30.26,32.4 1 0
github.com/tensorchord/envd/pkg/buildkitd/print.go:33.3,38.27 6 0
github.com/tensorchord/envd/pkg/buildkitd/print.go:38.27,40.4 1 0
github.com/tensorchord/envd/pkg/buildkitd/print.go:41.3,42.27 2 0
github.com/tensorchord/envd/pkg/buildkitd/print.go:42.27,44.4 1 0
github.com/tensorchord/envd/pkg/buildkitd/print.go:45.3,45.26 1 0
github.com/tensorchord/envd/pkg/buildkitd/print.go:45.26,47.4 1 0
github.com/tensorchord/envd/pkg/buildkitd/print.go:49.3,49.24 1 0
github.com/tensorchord/envd/pkg/buildkitd/print.go:52.2,52.12 1 0
github.com/tensorchord/envd/pkg/buildkitd/print.go:55.52,57.2 1 0
github.com/tensorchord/envd/pkg/buildkitd/print.go:59.45,61.2 1 0
github.com/tensorchord/envd/pkg/buildkitd/print.go:63.64,65.16 2 0
github.com/tensorchord/envd/pkg/buildkitd/print.go:65.16,67.3 1 0
github.com/tensorchord/envd/pkg/buildkitd/print.go:68.2,69.15 2 0
github.com/tensorchord/envd/pkg/buildkitd/print.go:69.15,71.3 1 0
github.com/tensorchord/envd/pkg/buildkitd/print.go:72.2,72.62 1 0
github.com/tensorchord/envd/pkg/data/envd.go:30.46,33.16 3 0
github.com/tensorchord/envd/pkg/data/envd.go:33.16,35.3 1 0
github.com/tensorchord/envd/pkg/data/envd.go:36.2,37.12 2 0
github.com/tensorchord/envd/pkg/data/envd.go:40.62,42.2 1 0
github.com/tensorchord/envd/pkg/data/envd.go:44.47,46.2 1 0
github.com/tensorchord/envd/pkg/data/envd.go:48.56,50.2 1 0
github.com/tensorchord/envd/pkg/data/envd.go:52.67,54.2 1 0
github.com/tensorchord/envd/pkg/docker/docker.go:59.53,61.16 2 2
github.com/tensorchord/envd/pkg/docker/docker.go:61.16,63.3 1 0
github.com/tensorchord/envd/pkg/docker/docker.go:64.2,65.16 2 2
github.com/tensorchord/envd/pkg/docker/docker.go:65.16,67.57 1 1
github.com/tensorchord/envd/pkg/docker/docker.go:67.57,70.4 1 0
github.com/tensorchord/envd/pkg/docker/docker.go:71.3,71.18 1 1
github.com/tensorchord/envd/pkg/docker/docker.go:73.2,73.32 1 1
github.com/tensorchord/envd/pkg/docker/docker.go:77.47,78.55 1 2
github.com/tensorchord/envd/pkg/docker/docker.go:78.55,80.3 1 0
github.com/tensorchord/envd/pkg/docker/docker.go:81.2,83.53 3 2
github.com/tensorchord/envd/pkg/docker/docker.go:83.53,85.3 1 2
github.com/tensorchord/envd/pkg/docker/docker.go:85.8,87.3 1 0
github.com/tensorchord/envd/pkg/docker/docker.go:88.2,88.47 1 2
github.com/tensorchord/envd/pkg/docker/docker.go:88.47,90.18 2 1
github.com/tensorchord/envd/pkg/docker/docker.go:90.18,92.4 1 1
github.com/tensorchord/envd/pkg/docker/docker.go:92.9,94.4 1 0
github.com/tensorchord/envd/pkg/docker/docker.go:95.3,95.126 1 1
github.com/tensorchord/envd/pkg/docker/docker.go:97.2,97.15 1 2
github.com/tensorchord/envd/pkg/docker/docker.go:101.85,106.2 2 0
github.com/tensorchord/envd/pkg/docker/docker.go:108.77,110.16 2 0
github.com/tensorchord/envd/pkg/docker/docker.go:110.16,113.3 2 0
github.com/tensorchord/envd/pkg/docker/docker.go:114.2,114.12 1 0
github.com/tensorchord/envd/pkg/docker/docker.go:117.96,121.16 2 0
github.com/tensorchord/envd/pkg/docker/docker.go:121.16,123.3 1 0
github.com/tensorchord/envd/pkg/docker/docker.go:124.2,124.22 1 0
github.com/tensorchord/envd/pkg/docker/docker.go:124.22,126.3 1 0
github.com/tensorchord/envd/pkg/docker/docker.go:127.2,127.23 1 0
github.com/tensorchord/envd/pkg/docker/docker.go:130.127,134.16 2 0
github.com/tensorchord/envd/pkg/docker/docker.go:134.16,136.3 1 0
github.com/tensorchord/envd/pkg/docker/docker.go:137.2,137.22 1 0
github.com/tensorchord/envd/pkg/docker/docker.go:137.22,139.3 1 0
github.com/tensorchord/envd/pkg/docker/docker.go:140.2,140.23 1 0
github.com/tensorchord/envd/pkg/docker/docker.go:143.89,146.16 3 0
github.com/tensorchord/envd/pkg/docker/docker.go:146.16,148.10 2 0
github.com/tensorchord/envd/pkg/docker/docker.go:149.56,151.18 2 0
github.com/tensorchord/envd/pkg/docker/docker.go:152.56,154.48 2 0
github.com/tensorchord/envd/pkg/docker/docker.go:155.11,156.60 1 0
github.com/tensorchord/envd/pkg/docker/docker.go:159.2,159.18 1 0
github.com/tensorchord/envd/pkg/docker/docker.go:162.90,165.16 3 0
github.com/tensorchord/envd/pkg/docker/docker.go:165.16,167.10 2 0
github.com/tensorchord/envd/pkg/docker/docker.go:168.52,170.18 2 0
github.com/tensorchord/envd/pkg/docker/docker.go:171.56,173.48 2 0
github.com/tensorchord/envd/pkg/docker/docker.go:174.11,175.61 1 0
github.com/tensorchord/envd/pkg/docker/docker.go:178.2,178.18 1 0
github.com/tensorchord/envd/pkg/docker/docker.go:181.102,188.62 3 0
github.com/tensorchord/envd/pkg/docker/docker.go:188.62,189.33 1 0
github.com/tensorchord/envd/pkg/docker/docker.go:189.33,191.4 1 0
github.com/tensorchord/envd/pkg/docker/docker.go:194.3,196.17 3 0
github.com/tensorchord/envd/pkg/docker/docker.go:196.17,198.4 1 0
github.com/tensorchord/envd/pkg/docker/docker.go:199.3,202.17 4 0
github.com/tensorchord/envd/pkg/docker/docker.go:202.17,204.4 1 0
github.com/tensorchord/envd/pkg/docker/docker.go:206.2,209.18 2 0
github.com/tensorchord/envd/pkg/docker/docker.go:209.18,219.3 3 0
github.com/tensorchord/envd/pkg/docker/docker.go:220.2,224.13 3 0
github.com/tensorchord/envd/pkg/docker/docker.go:224.13,226.17 2 0
github.com/tensorchord/envd/pkg/docker/docker.go:226.17,228.4 1 0
github.com/tensorchord/envd/pkg/docker/docker.go:229.3,229.19 1 0
github.com/tensorchord/envd/pkg/docker/docker.go:231.2,232.16 2 0
github.com/tensorchord/envd/pkg/docker/docker.go:232.16,234.3 1 0
github.com/tensorchord/envd/pkg/docker/docker.go:236.2,236.34 1 0
github.com/tensorchord/envd/pkg/docker/docker.go:236.34,238.3 1 0
github.com/tensorchord/envd/pkg/docker/docker.go:240.2,240.86 1 0
github.com/tensorchord/envd/pkg/docker/docker.go:240.86,242.3 1 0
github.com/tensorchord/envd/pkg/docker/docker.go:244.2,245.16 2 0
github.com/tensorchord/envd/pkg/docker/docker.go:245.16,247.3 1 0
github.com/tensorchord/envd/pkg/docker/docker.go:249.2,249.28 1 0
github.com/tensorchord/envd/pkg/docker/docker.go:252.80,254.16 2 0
github.com/tensorchord/envd/pkg/docker/docker.go:254.16,255.32 1 0
github.com/tensorchord/envd/pkg/docker/docker.go:255.32,257.4 1 0
github.com/tensorchord/envd/pkg/docker/docker.go:258.3,258.20 1 0
github.com/tensorchord/envd/pkg/docker/docker.go:260.2,260.18 1 0
github.com/tensorchord/envd/pkg/docker/docker.go:263.83,265.16 2 0
github.com/tensorchord/envd/pkg/docker/docker.go:265.16,266.32 1 0
github.com/tensorchord/envd/pkg/docker/docker.go:266.32,268.4 1 0
github.com/tensorchord/envd/pkg/docker/docker.go:269.3,269.20 1 0
github.com/tensorchord/envd/pkg/docker/docker.go:271.2,271.37 1 0
github.com/tensorchord/envd/pkg/docker/docker.go:276.85,278.16 2 1
github.com/tensorchord/envd/pkg/docker/docker.go:278.16,280.3 1 0
github.com/tensorchord/envd/pkg/docker/docker.go:282.2,283.12 2 1
github.com/tensorchord/envd/pkg/docker/docker.go:286.84,292.16 3 0
github.com/tensorchord/envd/pkg/docker/docker.go:292.16,294.3 1 0
github.com/tensorchord/envd/pkg/docker/docker.go:295.2,298.4 2 0
github.com/tensorchord/envd/pkg/docker/docker.go:301.89,303.16 2 0
github.com/tensorchord/envd/pkg/docker/docker.go:303.16,305.3 1 0
github.com/tensorchord/envd/pkg/docker/docker.go:306.2,306.25 1 0
github.com/tensorchord/envd/pkg/docker/docker.go:309.122,314.15 5 0
github.com/tensorchord/envd/pkg/docker/docker.go:314.15,318.49 3 0
github.com/tensorchord/envd/pkg/docker/docker.go:318.49,320.4 1 0
github.com/tensorchord/envd/pkg/docker/docker.go:322.3,322.61 1 0
github.com/tensorchord/envd/pkg/docker/docker.go:322.61,324.4 1 0
github.com/tensorchord/envd/pkg/docker/docker.go:327.2,327.12 1 0
github.com/tensorchord/envd/pkg/docker/docker.go:327.12,329.10 1 0
github.com/tensorchord/envd/pkg/docker/docker.go:330.15,331.22 1 0
github.com/tensorchord/envd/pkg/docker/docker.go:332.15,333.10 1 0
github.com/tensorchord/envd/pkg/docker/docker.go:337.2,337.16 1 0
github.com/tensorchord/envd/pkg/docker/docker.go:337.16,339.3 1 0
github.com/tensorchord/envd/pkg/docker/docker.go:340.2,342.89 3 0
github.com/tensorchord/envd/pkg/docker/docker.go:342.89,343.17 1 0
github.com/tensorchord/envd/pkg/docker/docker.go:343.17,345.4 1 0
github.com/tensorchord/envd/pkg/docker/docker.go:346.3,347.21 2 0
github.com/tensorchord/envd/pkg/docker/docker.go:349.2,349.12 1 0
github.com/tensorchord/envd/pkg/docker/label.go:25.43,28.9 3 0
github.com/tensorchord/envd/pkg/docker/label.go:28.9,30.3 1 0
github.com/tensorchord/envd/pkg/docker/label.go:31.2,31.10 1 0
github.com/tensorchord/envd/pkg/docker/label.go:34.54,38.2 3 0
github.com/tensorchord/envd/pkg/docker/label.go:40.73,45.2 4 0
github.com/tensorchord/envd/pkg/editor/vscode/types.go:37.33,38.22 1 0
github.com/tensorchord/envd/pkg/editor/vscode/types.go:38.22,40.3 1 0
github.com/tensorchord/envd/pkg/editor/vscode/types.go:41.2,41.55 1 0
github.com/tensorchord/envd/pkg/editor/vscode/util.go:28.52,33.16 3 1
github.com/tensorchord/envd/pkg/editor/vscode/util.go:33.16,35.3 1 0
github.com/tensorchord/envd/pkg/editor/vscode/util.go:36.2,37.38 2 1
github.com/tensorchord/envd/pkg/editor/vscode/util.go:37.38,39.3 1 0
github.com/tensorchord/envd/pkg/editor/vscode/util.go:40.2,41.69 2 1
github.com/tensorchord/envd/pkg/editor/vscode/util.go:41.69,43.3 1 0
github.com/tensorchord/envd/pkg/editor/vscode/util.go:44.2,44.30 1 1
github.com/tensorchord/envd/pkg/editor/vscode/util.go:44.30,46.3 1 0
github.com/tensorchord/envd/pkg/editor/vscode/util.go:47.2,48.30 2 1
github.com/tensorchord/envd/pkg/editor/vscode/util.go:48.30,50.3 1 0
github.com/tensorchord/envd/pkg/editor/vscode/util.go:51.2,51.40 1 1
github.com/tensorchord/envd/pkg/editor/vscode/util.go:54.45,56.26 2 6
github.com/tensorchord/envd/pkg/editor/vscode/util.go:56.26,58.3 1 1
github.com/tensorchord/envd/pkg/editor/vscode/util.go:59.2,62.26 3 5
github.com/tensorchord/envd/pkg/editor/vscode/util.go:62.26,72.3 3 0
github.com/tensorchord/envd/pkg/editor/vscode/util.go:74.2,77.54 4 5
github.com/tensorchord/envd/pkg/editor/vscode/util.go:77.54,87.3 3 1
github.com/tensorchord/envd/pkg/editor/vscode/util.go:88.2,97.8 2 4
github.com/tensorchord/envd/pkg/editor/vscode/vscode.go:44.58,45.16 1 0
github.com/tensorchord/envd/pkg/editor/vscode/vscode.go:46.32,50.9 1 0
github.com/tensorchord/envd/pkg/editor/vscode/vscode.go:51.31,55.9 1 0
github.com/tensorchord/envd/pkg/editor/vscode/vscode.go:56.10,57.69 1 0
github.com/tensorchord/envd/pkg/editor/vscode/vscode.go:61.52,62.22 1 0
github.com/tensorchord/envd/pkg/editor/vscode/vscode.go:62.22,65.3 1 0
github.com/tensorchord/envd/pkg/editor/vscode/vscode.go:66.2,66.66 1 0
github.com/tensorchord/envd/pkg/editor/vscode/vscode.go:69.33,70.22 1 0
github.com/tensorchord/envd/pkg/editor/vscode/vscode.go:70.22,73.3 1 0
github.com/tensorchord/envd/pkg/editor/vscode/vscode.go:74.2,75.28 1 0
github.com/tensorchord/envd/pkg/editor/vscode/vscode.go:80.64,82.40 2 0
github.com/tensorchord/envd/pkg/editor/vscode/vscode.go:82.40,87.3 2 0
github.com/tensorchord/envd/pkg/editor/vscode/vscode.go:89.2,90.41 2 0
github.com/tensorchord/envd/pkg/editor/vscode/vscode.go:90.41,91.23 1 0
github.com/tensorchord/envd/pkg/editor/vscode/vscode.go:91.23,93.4 1 0
github.com/tensorchord/envd/pkg/editor/vscode/vscode.go:95.3,98.41 2 0
github.com/tensorchord/envd/pkg/editor/vscode/vscode.go:99.8,102.17 3 0
github.com/tensorchord/envd/pkg/editor/vscode/vscode.go:102.17,104.4 1 0
github.com/tensorchord/envd/pkg/editor/vscode/vscode.go:105.3,106.29 1 0
github.com/tensorchord/envd/pkg/editor/vscode/vscode.go:109.2,120.16 4 0
github.com/tensorchord/envd/pkg/editor/vscode/vscode.go:120.16,122.3 1 0
github.com/tensorchord/envd/pkg/editor/vscode/vscode.go:123.2,126.16 3 0
github.com/tensorchord/envd/pkg/editor/vscode/vscode.go:126.16,128.3 1 0
github.com/tensorchord/envd/pkg/editor/vscode/vscode.go:129.2,133.16 4 0
github.com/tensorchord/envd/pkg/editor/vscode/vscode.go:133.16,135.3 1 0
github.com/tensorchord/envd/pkg/editor/vscode/vscode.go:137.2,138.16 2 0
github.com/tensorchord/envd/pkg/editor/vscode/vscode.go:138.16,140.3 1 0
github.com/tensorchord/envd/pkg/editor/vscode/vscode.go:142.2,142.68 1 0
github.com/tensorchord/envd/pkg/editor/vscode/vscode.go:142.68,144.3 1 0
github.com/tensorchord/envd/pkg/editor/vscode/vscode.go:145.2,145.19 1 0
github.com/tensorchord/envd/pkg/envd/docker.go:48.43,51.9 3 0
github.com/tensorchord/envd/pkg/envd/docker.go:51.9,53.3 1 0
github.com/tensorchord/envd/pkg/envd/docker.go:54.2,54.10 1 0
github.com/tensorchord/envd/pkg/envd/docker.go:57.54,61.2 3 0
github.com/tensorchord/envd/pkg/envd/docker.go:63.81,67.16 2 0
github.com/tensorchord/envd/pkg/envd/docker.go:67.16,69.3 1 0
github.com/tensorchord/envd/pkg/envd/docker.go:71.2,72.29 2 0
github.com/tensorchord/envd/pkg/envd/docker.go:72.29,74.17 2 0
github.com/tensorchord/envd/pkg/envd/docker.go:74.17,76.4 1 0
github.com/tensorchord/envd/pkg/envd/docker.go:77.3,77.40 1 0
github.com/tensorchord/envd/pkg/envd/docker.go:79.2,79.22 1 0
github.com/tensorchord/envd/pkg/envd/docker.go:83.56,87.16 2 0
github.com/tensorchord/envd/pkg/envd/docker.go:87.16,89.3 1 0
github.com/tensorchord/envd/pkg/envd/docker.go:91.2,92.27 2 0
github.com/tensorchord/envd/pkg/envd/docker.go:92.27,94.17 2 0
github.com/tensorchord/envd/pkg/envd/docker.go:94.17,96.4 1 0
github.com/tensorchord/envd/pkg/envd/docker.go:97.3,97.28 1 0
github.com/tensorchord/envd/pkg/envd/docker.go:99.2,99.18 1 0
github.com/tensorchord/envd/pkg/envd/docker.go:102.89,108.16 4 0
github.com/tensorchord/envd/pkg/envd/docker.go:108.16,110.10 2 0
github.com/tensorchord/envd/pkg/envd/docker.go:111.56,113.18 2 0
github.com/tensorchord/envd/pkg/envd/docker.go:114.56,116.48 2 0
github.com/tensorchord/envd/pkg/envd/docker.go:117.11,118.60 1 0
github.com/tensorchord/envd/pkg/envd/docker.go:121.2,121.17 1 0
github.com/tensorchord/envd/pkg/envd/docker.go:124.90,131.16 4 0
github.com/tensorchord/envd/pkg/envd/docker.go:131.16,133.10 2 0
github.com/tensorchord/envd/pkg/envd/docker.go:134.52,136.18 2 0
github.com/tensorchord/envd/pkg/envd/docker.go:137.56,139.48 2 0
github.com/tensorchord/envd/pkg/envd/docker.go:140.11,141.61 1 0
github.com/tensorchord/envd/pkg/envd/docker.go:144.2,144.17 1 0
github.com/tensorchord/envd/pkg/envd/docker.go:148.105,156.16 4 0
github.com/tensorchord/envd/pkg/envd/docker.go:156.16,158.3 1 0
github.com/tensorchord/envd/pkg/envd/docker.go:159.2,159.22 1 0
github.com/tensorchord/envd/pkg/envd/docker.go:159.22,161.3 1 0
github.com/tensorchord/envd/pkg/envd/docker.go:163.2,165.16 3 0
github.com/tensorchord/envd/pkg/envd/docker.go:165.16,167.3 1 0
github.com/tensorchord/envd/pkg/envd/docker.go:168.2,168.17 1 0
github.com/tensorchord/envd/pkg/envd/docker.go:173.62,179.16 4 0
github.com/tensorchord/envd/pkg/envd/docker.go:179.16,181.3 1 0
github.com/tensorchord/envd/pkg/envd/docker.go:182.2,183.16 2 0
github.com/tensorchord/envd/pkg/envd/docker.go:183.16,185.3 1 0
github.com/tensorchord/envd/pkg/envd/docker.go:186.2,186.17 1 0
github.com/tensorchord/envd/pkg/envd/docker.go:189.104,192.16 3 0
github.com/tensorchord/envd/pkg/envd/docker.go:192.16,194.3 1 0
github.com/tensorchord/envd/pkg/envd/docker.go:196.2,197.16 2 0
github.com/tensorchord/envd/pkg/envd/docker.go:197.16,199.3 1 0
github.com/tensorchord/envd/pkg/envd/docker.go:201.2,201.19 1 0
github.com/tensorchord/envd/pkg/envd/docker.go:204.77,206.16 2 0
github.com/tensorchord/envd/pkg/envd/docker.go:206.16,208.3 1 0
github.com/tensorchord/envd/pkg/envd/docker.go:209.2,211.8 1 0
github.com/tensorchord/envd/pkg/envd/docker.go:214.93,216.16 2 0
github.com/tensorchord/envd/pkg/envd/docker.go:216.16,218.3 1 0
github.com/tensorchord/envd/pkg/envd/docker.go:219.2,219.14 1 0
github.com/tensorchord/envd/pkg/envd/docker.go:219.14,221.3 1 0
github.com/tensorchord/envd/pkg/envd/docker.go:222.2,222.87 1 0
github.com/tensorchord/envd/pkg/envd/docker.go:225.79,227.16 2 0
github.com/tensorchord/envd/pkg/envd/docker.go:227.16,228.32 1 0
github.com/tensorchord/envd/pkg/envd/docker.go:228.32,230.4 1 0
github.com/tensorchord/envd/pkg/envd/docker.go:231.3,231.20 1 0
github.com/tensorchord/envd/pkg/envd/docker.go:233.2,233.18 1 0
github.com/tensorchord/envd/pkg/envd/docker.go:236.82,238.16 2 0
github.com/tensorchord/envd/pkg/envd/docker.go:238.16,239.32 1 0
github.com/tensorchord/envd/pkg/envd/docker.go:239.32,241.4 1 0
github.com/tensorchord/envd/pkg/envd/docker.go:242.3,242.20 1 0
github.com/tensorchord/envd/pkg/envd/docker.go:244.2,244.37 1 0
github.com/tensorchord/envd/pkg/envd/docker.go:248.60,258.2 2 0
github.com/tensorchord/envd/pkg/envd/docker.go:261.34,267.16 6 0
github.com/tensorchord/envd/pkg/envd/docker.go:267.16,269.3 1 0
github.com/tensorchord/envd/pkg/envd/docker.go:270.2,272.43 2 0
github.com/tensorchord/envd/pkg/envd/docker.go:272.43,274.3 1 0
github.com/tensorchord/envd/pkg/envd/docker.go:275.2,275.12 1 0
github.com/tensorchord/envd/pkg/envd/docker.go:279.93,286.20 2 0
github.com/tensorchord/envd/pkg/envd/docker.go:286.20,288.17 2 0
github.com/tensorchord/envd/pkg/envd/docker.go:288.17,290.4 1 0
github.com/tensorchord/envd/pkg/envd/docker.go:291.3,291.23 1 0
github.com/tensorchord/envd/pkg/envd/docker.go:291.23,293.4 1 0
github.com/tensorchord/envd/pkg/envd/docker.go:296.2,297.16 2 0
github.com/tensorchord/envd/pkg/envd/docker.go:297.16,299.3 1 0
github.com/tensorchord/envd/pkg/envd/docker.go:301.2,302.16 2 0
github.com/tensorchord/envd/pkg/envd/docker.go:302.16,304.3 1 0
github.com/tensorchord/envd/pkg/envd/docker.go:305.2,312.28 4 0
github.com/tensorchord/envd/pkg/envd/docker.go:312.28,314.3 1 0
github.com/tensorchord/envd/pkg/envd/docker.go:315.2,319.54 3 0
github.com/tensorchord/envd/pkg/envd/docker.go:319.54,321.21 2 0
github.com/tensorchord/envd/pkg/envd/docker.go:321.21,323.4 1 0
github.com/tensorchord/envd/pkg/envd/docker.go:325.3,333.5 2 0
github.com/tensorchord/envd/pkg/envd/docker.go:335.2,335.28 1 0
github.com/tensorchord/envd/pkg/envd/docker.go:335.28,345.3 2 0
github.com/tensorchord/envd/pkg/envd/docker.go:347.2,379.28 8 0
github.com/tensorchord/envd/pkg/envd/docker.go:379.28,380.32 1 0
github.com/tensorchord/envd/pkg/envd/docker.go:380.32,382.4 1 0
github.com/tensorchord/envd/pkg/envd/docker.go:382.9,385.18 3 0
github.com/tensorchord/envd/pkg/envd/docker.go:385.18,387.5 1 0
github.com/tensorchord/envd/pkg/envd/docker.go:389.3,396.44 3 0
github.com/tensorchord/envd/pkg/envd/docker.go:398.2,399.34 2 0
github.com/tensorchord/envd/pkg/envd/docker.go:399.34,402.17 3 0
github.com/tensorchord/envd/pkg/envd/docker.go:402.17,404.4 1 0
github.com/tensorchord/envd/pkg/envd/docker.go:405.3,412.44 3 0
github.com/tensorchord/envd/pkg/envd/docker.go:415.2,415.30 1 0
github.com/tensorchord/envd/pkg/envd/docker.go:415.30,416.40 1 0
github.com/tensorchord/envd/pkg/envd/docker.go:416.40,418.26 2 0
github.com/tensorchord/envd/pkg/envd/docker.go:418.26,420.19 2 0
github.com/tensorchord/envd/pkg/envd/docker.go:420.19,422.6 1 0
github.com/tensorchord/envd/pkg/envd/docker.go:424.4,431.45 3 0
github.com/tensorchord/envd/pkg/envd/docker.go:435.2,435.20 1 0
github.com/tensorchord/envd/pkg/envd/docker.go:435.20,438.3 2 0
github.com/tensorchord/envd/pkg/envd/docker.go:440.2,450.16 5 0
github.com/tensorchord/envd/pkg/envd/docker.go:450.16,452.3 1 0
github.com/tensorchord/envd/pkg/envd/docker.go:454.2,454.34 1 0
github.com/tensorchord/envd/pkg/envd/docker.go:454.34,456.3 1 0
github.com/tensorchord/envd/pkg/envd/docker.go:458.2,459.66 1 0
github.com/tensorchord/envd/pkg/envd/docker.go:459.66,462.70 2 0
github.com/tensorchord/envd/pkg/envd/docker.go:462.70,465.4 2 0
[...]
github.com/tensorchord/envd/pkg/ssh/ssh.go:322.42,323.23 1 0
github.com/tensorchord/envd/pkg/ssh/ssh.go:324.16,325.51 1 0
github.com/tensorchord/envd/pkg/ssh/ssh.go:326.10,327.18 1 0
github.com/tensorchord/envd/pkg/ssh/ssh.go:331.74,335.21 3 0
github.com/tensorchord/envd/pkg/ssh/ssh.go:335.21,337.3 1 0
github.com/tensorchord/envd/pkg/ssh/ssh.go:341.2,341.40 1 0
github.com/tensorchord/envd/pkg/ssh/ssh.go:341.40,345.17 2 0
github.com/tensorchord/envd/pkg/ssh/ssh.go:345.17,347.4 1 0
github.com/tensorchord/envd/pkg/ssh/ssh.go:350.3,351.17 2 0
github.com/tensorchord/envd/pkg/ssh/ssh.go:351.17,353.4 1 0
github.com/tensorchord/envd/pkg/ssh/ssh.go:356.3,357.17 2 0
github.com/tensorchord/envd/pkg/ssh/ssh.go:357.17,359.4 1 0
github.com/tensorchord/envd/pkg/ssh/ssh.go:361.3,361.21 1 0
github.com/tensorchord/envd/pkg/ssh/ssh.go:362.8,365.17 2 0
github.com/tensorchord/envd/pkg/ssh/ssh.go:365.17,367.4 1 0
github.com/tensorchord/envd/pkg/ssh/ssh.go:369.3,369.21 1 0
github.com/tensorchord/envd/pkg/ssh/ssh.go:373.59,374.20 1 0
github.com/tensorchord/envd/pkg/ssh/ssh.go:375.25,377.17 2 0
github.com/tensorchord/envd/pkg/ssh/ssh.go:377.17,379.4 1 0
github.com/tensorchord/envd/pkg/ssh/ssh.go:379.9,381.4 1 0
github.com/tensorchord/envd/pkg/ssh/ssh.go:382.24,384.17 2 0
github.com/tensorchord/envd/pkg/ssh/ssh.go:384.17,386.4 1 0
github.com/tensorchord/envd/pkg/ssh/ssh.go:386.9,388.4 1 0
github.com/tensorchord/envd/pkg/ssh/ssh.go:389.25,391.17 2 0
github.com/tensorchord/envd/pkg/ssh/ssh.go:391.17,393.4 1 0
github.com/tensorchord/envd/pkg/ssh/ssh.go:393.9,395.4 1 0
github.com/tensorchord/envd/pkg/ssh/ssh.go:396.10,397.93 1 0
github.com/tensorchord/envd/pkg/types/envd.go:168.30,170.2 1 0
github.com/tensorchord/envd/pkg/types/envd.go:172.72,181.29 2 0
github.com/tensorchord/envd/pkg/types/envd.go:181.29,183.3 1 0
github.com/tensorchord/envd/pkg/types/envd.go:184.2,185.16 2 0
github.com/tensorchord/envd/pkg/types/envd.go:185.16,187.3 1 0
github.com/tensorchord/envd/pkg/types/envd.go:188.2,189.18 2 0
github.com/tensorchord/envd/pkg/types/envd.go:192.71,197.16 3 0
github.com/tensorchord/envd/pkg/types/envd.go:197.16,199.3 1 0
github.com/tensorchord/envd/pkg/types/envd.go:200.2,201.18 2 0
github.com/tensorchord/envd/pkg/types/envd.go:204.81,211.52 2 0
github.com/tensorchord/envd/pkg/types/envd.go:211.52,213.3 1 0
github.com/tensorchord/envd/pkg/types/envd.go:214.2,214.66 1 0
github.com/tensorchord/envd/pkg/types/envd.go:214.66,216.3 1 0
github.com/tensorchord/envd/pkg/types/envd.go:217.2,217.78 1 0
github.com/tensorchord/envd/pkg/types/envd.go:217.78,219.3 1 0
github.com/tensorchord/envd/pkg/types/envd.go:221.2,222.16 2 0
github.com/tensorchord/envd/pkg/types/envd.go:222.16,224.3 1 0
github.com/tensorchord/envd/pkg/types/envd.go:225.2,226.18 2 0
github.com/tensorchord/envd/pkg/types/envd.go:229.86,235.16 3 0
github.com/tensorchord/envd/pkg/types/envd.go:235.16,237.3 1 0
github.com/tensorchord/envd/pkg/types/envd.go:238.2,239.18 2 0
github.com/tensorchord/envd/pkg/types/envd.go:242.66,244.49 2 0
github.com/tensorchord/envd/pkg/types/envd.go:244.49,246.3 1 0
github.com/tensorchord/envd/pkg/types/envd.go:247.2,247.44 1 0
github.com/tensorchord/envd/pkg/types/envd.go:247.44,249.3 1 0
github.com/tensorchord/envd/pkg/types/envd.go:250.2,250.46 1 0
github.com/tensorchord/envd/pkg/types/envd.go:250.46,252.3 1 0
github.com/tensorchord/envd/pkg/types/envd.go:253.2,253.50 1 0
github.com/tensorchord/envd/pkg/types/envd.go:253.50,255.3 1 0
github.com/tensorchord/envd/pkg/types/envd.go:256.2,257.16 2 0
github.com/tensorchord/envd/pkg/types/envd.go:257.16,259.3 1 0
github.com/tensorchord/envd/pkg/types/envd.go:260.2,261.22 2 0
github.com/tensorchord/envd/pkg/types/envd.go:264.83,266.2 1 0
github.com/tensorchord/envd/pkg/types/envd.go:268.81,270.2 1 0
github.com/tensorchord/envd/pkg/types/envd.go:272.86,275.16 3 0
github.com/tensorchord/envd/pkg/types/envd.go:275.16,277.3 1 0
github.com/tensorchord/envd/pkg/types/envd.go:279.2,280.31 2 0
github.com/tensorchord/envd/pkg/types/envd.go:280.31,282.3 1 0
github.com/tensorchord/envd/pkg/types/envd.go:284.2,286.37 3 0
github.com/tensorchord/envd/pkg/types/envd.go:286.37,287.25 1 0
github.com/tensorchord/envd/pkg/types/envd.go:287.25,288.12 1 0
github.com/tensorchord/envd/pkg/types/envd.go:290.3,297.5 2 0
github.com/tensorchord/envd/pkg/types/envd.go:300.2,300.19 1 0
github.com/tensorchord/envd/pkg/types/envd.go:303.76,305.42 2 1
github.com/tensorchord/envd/pkg/types/envd.go:305.42,307.17 2 0
github.com/tensorchord/envd/pkg/types/envd.go:307.17,309.4 1 0
github.com/tensorchord/envd/pkg/types/envd.go:310.3,310.24 1 0
github.com/tensorchord/envd/pkg/types/envd.go:312.2,312.51 1 1
github.com/tensorchord/envd/pkg/types/envd.go:312.51,314.17 2 1
github.com/tensorchord/envd/pkg/types/envd.go:314.17,316.4 1 0
github.com/tensorchord/envd/pkg/types/envd.go:317.3,319.27 2 1
github.com/tensorchord/envd/pkg/types/envd.go:319.27,320.85 1 4
github.com/tensorchord/envd/pkg/types/envd.go:320.85,322.5 1 2
github.com/tensorchord/envd/pkg/types/envd.go:324.3,324.30 1 1
github.com/tensorchord/envd/pkg/types/envd.go:326.2,326.18 1 1
github.com/tensorchord/envd/pkg/types/envd.go:329.53,333.2 3 0
github.com/tensorchord/envd/pkg/types/envd.go:335.54,339.2 3 1
github.com/tensorchord/envd/pkg/types/envd.go:341.66,342.28 1 0
github.com/tensorchord/envd/pkg/types/envd.go:342.28,344.3 1 0
github.com/tensorchord/envd/pkg/types/envd.go:347.2,348.16 2 0
github.com/tensorchord/envd/pkg/types/envd.go:348.16,350.3 1 0
github.com/tensorchord/envd/pkg/types/envd.go:351.2,351.22 1 0
github.com/tensorchord/envd/pkg/util/fileutil/file.go:35.13,37.16 2 14
github.com/tensorchord/envd/pkg/util/fileutil/file.go:37.16,38.13 1 0
github.com/tensorchord/envd/pkg/util/fileutil/file.go:40.2,42.63 3 14
github.com/tensorchord/envd/pkg/util/fileutil/file.go:46.48,48.16 2 36
github.com/tensorchord/envd/pkg/util/fileutil/file.go:48.16,49.25 1 2
github.com/tensorchord/envd/pkg/util/fileutil/file.go:49.25,51.4 1 2
github.com/tensorchord/envd/pkg/util/fileutil/file.go:52.3,52.65 1 0
github.com/tensorchord/envd/pkg/util/fileutil/file.go:54.2,54.27 1 34
github.com/tensorchord/envd/pkg/util/fileutil/file.go:58.61,59.24 1 4
github.com/tensorchord/envd/pkg/util/fileutil/file.go:59.24,61.3 1 1
github.com/tensorchord/envd/pkg/util/fileutil/file.go:62.2,64.16 3 3
github.com/tensorchord/envd/pkg/util/fileutil/file.go:64.16,66.3 1 0
github.com/tensorchord/envd/pkg/util/fileutil/file.go:67.2,68.11 2 3
github.com/tensorchord/envd/pkg/util/fileutil/file.go:68.11,70.17 2 2
github.com/tensorchord/envd/pkg/util/fileutil/file.go:70.17,72.4 1 0
github.com/tensorchord/envd/pkg/util/fileutil/file.go:73.3,73.22 1 2
github.com/tensorchord/envd/pkg/util/fileutil/file.go:76.2,77.16 2 1
github.com/tensorchord/envd/pkg/util/fileutil/file.go:77.16,79.3 1 0
github.com/tensorchord/envd/pkg/util/fileutil/file.go:80.2,80.21 1 1
github.com/tensorchord/envd/pkg/util/fileutil/file.go:83.38,85.2 1 1
github.com/tensorchord/envd/pkg/util/fileutil/file.go:88.47,90.16 2 1
github.com/tensorchord/envd/pkg/util/fileutil/file.go:90.16,91.25 1 0
github.com/tensorchord/envd/pkg/util/fileutil/file.go:91.25,93.4 1 0
github.com/tensorchord/envd/pkg/util/fileutil/file.go:94.3,94.65 1 0
github.com/tensorchord/envd/pkg/util/fileutil/file.go:96.2,96.26 1 1
github.com/tensorchord/envd/pkg/util/fileutil/file.go:99.39,101.16 2 17
github.com/tensorchord/envd/pkg/util/fileutil/file.go:101.16,102.25 1 1
github.com/tensorchord/envd/pkg/util/fileutil/file.go:102.25,104.42 2 1
github.com/tensorchord/envd/pkg/util/fileutil/file.go:104.42,106.5 1 0
github.com/tensorchord/envd/pkg/util/fileutil/file.go:107.9,109.4 1 0
github.com/tensorchord/envd/pkg/util/fileutil/file.go:111.2,111.12 1 17
github.com/tensorchord/envd/pkg/util/fileutil/file.go:114.28,116.2 1 0
github.com/tensorchord/envd/pkg/util/fileutil/file.go:118.32,120.16 2 0
github.com/tensorchord/envd/pkg/util/fileutil/file.go:120.16,122.3 1 0
github.com/tensorchord/envd/pkg/util/fileutil/file.go:123.2,123.32 1 0
github.com/tensorchord/envd/pkg/util/fileutil/file.go:127.50,129.2 1 285
github.com/tensorchord/envd/pkg/util/fileutil/file.go:132.49,134.2 1 17
github.com/tensorchord/envd/pkg/util/fileutil/file.go:136.56,137.50 1 302
github.com/tensorchord/envd/pkg/util/fileutil/file.go:137.50,139.3 1 0
github.com/tensorchord/envd/pkg/util/fileutil/file.go:140.2,140.58 1 302
github.com/tensorchord/envd/pkg/util/fileutil/file.go:140.58,142.3 1 0
github.com/tensorchord/envd/pkg/util/fileutil/file.go:143.2,143.38 1 302
github.com/tensorchord/envd/pkg/util/fileutil/file.go:147.67,152.16 5 0
github.com/tensorchord/envd/pkg/util/fileutil/file.go:152.16,154.3 1 0
github.com/tensorchord/envd/pkg/util/fileutil/file.go:155.2,155.12 1 0
github.com/tensorchord/envd/pkg/util/fileutil/file.go:155.12,161.17 3 0
github.com/tensorchord/envd/pkg/util/fileutil/file.go:161.17,163.4 1 0
github.com/tensorchord/envd/pkg/util/fileutil/file.go:164.8,167.17 3 0
github.com/tensorchord/envd/pkg/util/fileutil/file.go:167.17,169.4 1 0
github.com/tensorchord/envd/pkg/util/fileutil/file.go:170.3,172.17 3 0
github.com/tensorchord/envd/pkg/util/fileutil/file.go:172.17,174.4 1 0
github.com/tensorchord/envd/pkg/util/fileutil/file.go:175.3,177.61 3 0
github.com/tensorchord/envd/pkg/util/fileutil/file.go:177.61,179.4 1 0
github.com/tensorchord/envd/pkg/util/fileutil/file.go:182.2,182.18 1 0
github.com/tensorchord/envd/pkg/util/fileutil/file.go:185.41,187.2 1 28
github.com/tensorchord/envd/pkg/util/fileutil/namegenerator.go:858.38,859.1 1 0
github.com/tensorchord/envd/pkg/util/fileutil/namegenerator.go:860.2,861.64 2 0
github.com/tensorchord/envd/pkg/util/fileutil/namegenerator.go:861.64,862.13 1 0
github.com/tensorchord/envd/pkg/util/fileutil/namegenerator.go:865.2,865.15 1 0
github.com/tensorchord/envd/pkg/util/fileutil/namegenerator.go:865.15,867.3 1 0
github.com/tensorchord/envd/pkg/util/fileutil/namegenerator.go:868.2,868.13 1 0
github.com/tensorchord/envd/pkg/util/netutil/netutil.go:24.33,26.16 2 1
github.com/tensorchord/envd/pkg/util/netutil/netutil.go:26.16,28.3 1 0
github.com/tensorchord/envd/pkg/util/netutil/netutil.go:29.2,30.42 2 1
github.com/tensorchord/envd/pkg/util/netutil/netutil.go:34.43,35.43 1 4
github.com/tensorchord/envd/pkg/util/netutil/netutil.go:35.43,37.3 1 0
github.com/tensorchord/envd/pkg/util/netutil/netutil.go:37.8,39.14 2 4
github.com/tensorchord/envd/pkg/util/netutil/netutil.go:39.14,41.4 1 1
github.com/tensorchord/envd/pkg/util/netutil/netutil.go:42.3,42.16 1 3
github.com/tensorchord/envd/pkg/util/osutil/wsl.go:32.19,36.16 3 0
github.com/tensorchord/envd/pkg/util/osutil/wsl.go:36.16,39.3 2 0
github.com/tensorchord/envd/pkg/util/osutil/wsl.go:41.2,41.71 1 0
github.com/tensorchord/envd/pkg/util/osutil/wsl.go:44.44,47.16 3 0
github.com/tensorchord/envd/pkg/util/osutil/wsl.go:47.16,49.3 1 0
github.com/tensorchord/envd/pkg/util/osutil/wsl.go:51.2,53.16 3 0
github.com/tensorchord/envd/pkg/util/osutil/wsl.go:53.16,55.3 1 0
github.com/tensorchord/envd/pkg/util/osutil/wsl.go:56.2,58.24 3 0
github.com/tensorchord/envd/pkg/util/osutil/wsl.go:61.33,63.16 2 0
github.com/tensorchord/envd/pkg/util/osutil/wsl.go:63.16,65.3 1 0
github.com/tensorchord/envd/pkg/util/osutil/wsl.go:66.2,66.16 1 0
github.com/tensorchord/envd/pkg/util/osutil/wsl.go:69.49,73.16 3 0
github.com/tensorchord/envd/pkg/util/osutil/wsl.go:73.16,75.3 1 0
github.com/tensorchord/envd/pkg/util/osutil/wsl.go:77.2,79.16 3 0
github.com/tensorchord/envd/pkg/util/osutil/wsl.go:79.16,81.3 1 0
github.com/tensorchord/envd/pkg/util/osutil/wsl.go:82.2,83.51 2 0
github.com/tensorchord/envd/pkg/util/osutil/wsl.go:83.51,85.3 1 0
github.com/tensorchord/envd/pkg/util/osutil/wsl.go:86.2,86.21 1 0
github.com/tensorchord/envd/pkg/util/osutil/wsl.go:90.74,96.63 2 0
github.com/tensorchord/envd/pkg/util/osutil/wsl.go:96.63,98.3 1 0
github.com/tensorchord/envd/pkg/util/osutil/wsl.go:99.2,99.42 1 0
github.com/tensorchord/envd/pkg/util/osutil/wsl.go:99.42,101.3 1 0
github.com/tensorchord/envd/pkg/util/osutil/wsl.go:102.2,102.29 1 0
github.com/tensorchord/envd/pkg/util/osutil/wsl.go:102.29,103.61 1 0
github.com/tensorchord/envd/pkg/util/osutil/wsl.go:103.61,104.9 1 0
github.com/tensorchord/envd/pkg/util/osutil/wsl.go:107.2,107.21 1 0
github.com/tensorchord/envd/pkg/util/osutil/wsl.go:107.21,109.3 1 0
github.com/tensorchord/envd/pkg/util/osutil/wsl.go:110.2,110.31 1 0
github.com/tensorchord/envd/pkg/util/osutil/wsl.go:113.76,116.16 2 0
github.com/tensorchord/envd/pkg/util/osutil/wsl.go:116.16,118.3 1 0
github.com/tensorchord/envd/pkg/util/osutil/wsl.go:119.2,122.16 4 0
github.com/tensorchord/envd/pkg/util/osutil/wsl.go:122.16,124.3 1 0
github.com/tensorchord/envd/pkg/util/osutil/wsl.go:126.2,129.16 3 0
github.com/tensorchord/envd/pkg/util/osutil/wsl.go:129.16,131.3 1 0
github.com/tensorchord/envd/pkg/util/osutil/wsl.go:132.2,132.48 1 0
github.com/tensorchord/envd/pkg/util/osutil/wsl.go:135.58,137.16 2 0
github.com/tensorchord/envd/pkg/util/osutil/wsl.go:137.16,139.3 1 0
github.com/tensorchord/envd/pkg/util/osutil/wsl.go:140.2,143.16 3 0
github.com/tensorchord/envd/pkg/util/osutil/wsl.go:143.16,145.3 1 0
github.com/tensorchord/envd/pkg/util/osutil/wsl.go:146.2,148.16 3 0
github.com/tensorchord/envd/pkg/util/osutil/wsl.go:148.16,150.3 1 0
github.com/tensorchord/envd/pkg/util/osutil/wsl.go:152.2,153.16 2 0
github.com/tensorchord/envd/pkg/util/osutil/wsl.go:153.16,155.3 1 0
github.com/tensorchord/envd/pkg/util/osutil/wsl.go:156.2,156.20 1 0
github.com/tensorchord/envd/pkg/util/starlarkutil/stringslice.go:23.56,24.14 1 6
github.com/tensorchord/envd/pkg/util/starlarkutil/stringslice.go:24.14,26.3 1 1
github.com/tensorchord/envd/pkg/util/starlarkutil/stringslice.go:28.2,29.31 2 5
github.com/tensorchord/envd/pkg/util/starlarkutil/stringslice.go:29.31,31.10 2 7
github.com/tensorchord/envd/pkg/util/starlarkutil/stringslice.go:31.10,33.4 1 2
github.com/tensorchord/envd/pkg/util/starlarkutil/stringslice.go:34.3,34.21 1 5
github.com/tensorchord/envd/pkg/util/starlarkutil/stringslice.go:37.2,37.15 1 3
github.com/tensorchord/envd/pkg/util/ziputil/unzip.go:28.38,30.35 2 0
github.com/tensorchord/envd/pkg/util/ziputil/unzip.go:30.35,32.3 1 0
github.com/tensorchord/envd/pkg/util/ziputil/unzip.go:33.2,33.65 1 0
github.com/tensorchord/envd/pkg/util/ziputil/unzip.go:33.65,35.3 1 0
github.com/tensorchord/envd/pkg/util/ziputil/unzip.go:36.2,36.12 1 0
github.com/tensorchord/envd/pkg/util/ziputil/unzip.go:39.46,40.82 1 0
github.com/tensorchord/envd/pkg/util/ziputil/unzip.go:40.82,41.17 1 0
github.com/tensorchord/envd/pkg/util/ziputil/unzip.go:41.17,43.4 1 0
github.com/tensorchord/envd/pkg/util/ziputil/unzip.go:44.3,44.13 1 0
github.com/tensorchord/envd/pkg/util/ziputil/unzip.go:49.58,51.54 1 0
github.com/tensorchord/envd/pkg/util/ziputil/unzip.go:51.54,53.3 1 0
github.com/tensorchord/envd/pkg/util/ziputil/unzip.go:54.2,55.16 2 0
github.com/tensorchord/envd/pkg/util/ziputil/unzip.go:55.16,57.3 1 0
github.com/tensorchord/envd/pkg/util/ziputil/unzip.go:58.2,59.16 2 0
github.com/tensorchord/envd/pkg/util/ziputil/unzip.go:59.16,61.3 1 0
github.com/tensorchord/envd/pkg/util/ziputil/unzip.go:62.2,62.18 1 0
github.com/tensorchord/envd/pkg/util/ziputil/unzip.go:65.55,67.91 2 0
github.com/tensorchord/envd/pkg/util/ziputil/unzip.go:67.91,69.20 1 0
github.com/tensorchord/envd/pkg/util/ziputil/unzip.go:69.20,71.4 1 0
github.com/tensorchord/envd/pkg/util/ziputil/unzip.go:72.3,72.13 1 0
github.com/tensorchord/envd/pkg/util/ziputil/unzip.go:75.2,75.19 1 0
github.com/tensorchord/envd/pkg/util/ziputil/unzip.go:80.55,88.16 5 0
github.com/tensorchord/envd/pkg/util/ziputil/unzip.go:88.16,90.3 1 0
github.com/tensorchord/envd/pkg/util/ziputil/unzip.go:91.2,92.16 2 0
github.com/tensorchord/envd/pkg/util/ziputil/unzip.go:92.16,94.3 1 0
github.com/tensorchord/envd/pkg/util/ziputil/unzip.go:95.2,97.27 2 0
github.com/tensorchord/envd/pkg/util/ziputil/unzip.go:97.27,103.79 2 0
github.com/tensorchord/envd/pkg/util/ziputil/unzip.go:103.79,105.4 1 0
github.com/tensorchord/envd/pkg/util/ziputil/unzip.go:107.3,110.63 2 0
github.com/tensorchord/envd/pkg/util/ziputil/unzip.go:110.63,112.4 1 0
github.com/tensorchord/envd/pkg/util/ziputil/unzip.go:114.3,114.63 1 0
github.com/tensorchord/envd/pkg/util/ziputil/unzip.go:114.63,116.4 1 0
github.com/tensorchord/envd/pkg/util/ziputil/unzip.go:118.3,118.27 1 0
github.com/tensorchord/envd/pkg/util/ziputil/unzip.go:118.27,120.51 1 0
github.com/tensorchord/envd/pkg/util/ziputil/unzip.go:120.51,122.5 1 0
github.com/tensorchord/envd/pkg/util/ziputil/unzip.go:123.4,123.50 1 0
github.com/tensorchord/envd/pkg/util/ziputil/unzip.go:123.50,125.5 1 0
github.com/tensorchord/envd/pkg/util/ziputil/unzip.go:126.4,126.12 1 0
github.com/tensorchord/envd/pkg/util/ziputil/unzip.go:129.3,130.17 2 0
github.com/tensorchord/envd/pkg/util/ziputil/unzip.go:130.17,132.4 1 0
github.com/tensorchord/envd/pkg/util/ziputil/unzip.go:134.3,135.17 2 0
github.com/tensorchord/envd/pkg/util/ziputil/unzip.go:135.17,137.4 1 0
github.com/tensorchord/envd/pkg/util/ziputil/unzip.go:139.3,145.17 4 0
github.com/tensorchord/envd/pkg/util/ziputil/unzip.go:145.17,147.4 1 0
github.com/tensorchord/envd/pkg/util/ziputil/unzip.go:150.2,150.30 1 0
github.com/tensorchord/envd/pkg/util/ziputil/unzip.go:150.30,151.45 1 0
github.com/tensorchord/envd/pkg/util/ziputil/unzip.go:151.45,153.4 1 0
github.com/tensorchord/envd/pkg/util/ziputil/unzip.go:155.2,155.23 1 0
github.com/tensorchord/envd/pkg/util/ziputil/unzip.go:161.54,164.16 2 0
github.com/tensorchord/envd/pkg/util/ziputil/unzip.go:164.16,166.3 1 0
github.com/tensorchord/envd/pkg/util/ziputil/unzip.go:167.2,173.29 4 0
github.com/tensorchord/envd/pkg/util/ziputil/unzip.go:173.29,174.54 1 0
github.com/tensorchord/envd/pkg/util/ziputil/unzip.go:174.54,176.4 1 0
github.com/tensorchord/envd/pkg/util/ziputil/unzip.go:178.2,178.12 1 0
github.com/tensorchord/envd/pkg/util/ziputil/unzip.go:181.65,184.16 2 0
github.com/tensorchord/envd/pkg/util/ziputil/unzip.go:184.16,186.3 1 0
github.com/tensorchord/envd/pkg/util/ziputil/unzip.go:187.2,191.16 3 0
github.com/tensorchord/envd/pkg/util/ziputil/unzip.go:191.16,193.3 1 0
github.com/tensorchord/envd/pkg/util/ziputil/unzip.go:195.2,196.16 2 0
github.com/tensorchord/envd/pkg/util/ziputil/unzip.go:196.16,198.3 1 0
github.com/tensorchord/envd/pkg/util/ziputil/unzip.go:201.2,207.16 4 0
github.com/tensorchord/envd/pkg/util/ziputil/unzip.go:207.16,209.3 1 0
github.com/tensorchord/envd/pkg/util/ziputil/unzip.go:210.2,211.12 2 0
github.com/tensorchord/envd/pkg/version/version.go:57.34,59.2 1 0
github.com/tensorchord/envd/pkg/version/version.go:62.37,63.18 1 14
github.com/tensorchord/envd/pkg/version/version.go:63.18,65.3 1 0
github.com/tensorchord/envd/pkg/version/version.go:68.2,68.17 1 14
github.com/tensorchord/envd/pkg/version/version.go:72.38,74.2 1 0
github.com/tensorchord/envd/pkg/version/version.go:77.30,81.57 2 0
github.com/tensorchord/envd/pkg/version/version.go:81.57,85.3 1 0
github.com/tensorchord/envd/pkg/version/version.go:85.8,88.38 1 0
github.com/tensorchord/envd/pkg/version/version.go:88.38,90.4 1 0
github.com/tensorchord/envd/pkg/version/version.go:90.9,92.4 1 0
github.com/tensorchord/envd/pkg/version/version.go:93.3,93.26 1 0
github.com/tensorchord/envd/pkg/version/version.go:93.26,95.31 2 0
github.com/tensorchord/envd/pkg/version/version.go:95.31,97.5 1 0
github.com/tensorchord/envd/pkg/version/version.go:98.9,100.4 1 0
github.com/tensorchord/envd/pkg/version/version.go:102.2,102.19 1 0
github.com/tensorchord/envd/pkg/version/version.go:106.27,117.2 1 0
github.com/tensorchord/envd/pkg/version/version.go:125.25,128.19 2 0
github.com/tensorchord/envd/pkg/version/version.go:128.19,131.3 2 0
github.com/tensorchord/envd/pkg/version/version.go:133.2,133.78 1 0
github.com/tensorchord/envd/pkg/version/version.go:133.78,135.3 1 0
github.com/tensorchord/envd/pkg/version/version.go:135.8,135.81 1 0
github.com/tensorchord/envd/pkg/version/version.go:135.81,137.3 1 0
github.com/tensorchord/envd/pkg/version/version.go:139.2,139.26 1 0
